<?xml version="1.0" encoding="utf-8"?>
<test-run id="2" testcasecount="1006" result="Passed" total="1006" passed="1006" failed="0" inconclusive="0" skipped="0" asserts="0" engine-version="3.5.0.0" clr-version="4.0.30319.42000" start-time="2026-04-21 06:26:32Z" end-time="2026-04-21 06:26:33Z" duration="1.0771195">
  <test-suite type="TestSuite" id="1000" name="FacialControl" fullname="FacialControl" runstate="Runnable" testcasecount="1006" result="Passed" start-time="2026-04-21 06:26:32Z" end-time="2026-04-21 06:26:33Z" duration="1.077120" total="1006" passed="1006" failed="0" inconclusive="0" skipped="0" asserts="0">
    <properties>
      <property name="platform" value="EditMode" />
    </properties>
    <test-suite type="Assembly" id="2063" name="Hidano.FacialControl.Tests.EditMode.dll" fullname="D:/Personal/Repositries/FacialControl/FacialControl/Library/ScriptAssemblies/Hidano.FacialControl.Tests.EditMode.dll" runstate="Runnable" testcasecount="1006" result="Passed" start-time="2026-04-21 06:26:32Z" end-time="2026-04-21 06:26:33Z" duration="1.072551" total="1006" passed="1006" failed="0" inconclusive="0" skipped="0" asserts="0">
      <properties>
        <property name="_PID" value="37980" />
        <property name="_APPDOMAIN" value="Unity Child Domain" />
        <property name="platform" value="EditMode" />
        <property name="EditorOnly" value="True" />
      </properties>
      <test-suite type="TestSuite" id="2064" name="Hidano" fullname="Hidano" runstate="Runnable" testcasecount="1006" result="Passed" start-time="2026-04-21 06:26:32Z" end-time="2026-04-21 06:26:33Z" duration="1.072134" total="1006" passed="1006" failed="0" inconclusive="0" skipped="0" asserts="0">
        <properties />
        <test-suite type="TestSuite" id="2065" name="FacialControl" fullname="Hidano.FacialControl" runstate="Runnable" testcasecount="1006" result="Passed" start-time="2026-04-21 06:26:32Z" end-time="2026-04-21 06:26:33Z" duration="1.071787" total="1006" passed="1006" failed="0" inconclusive="0" skipped="0" asserts="0">
          <properties />
          <test-suite type="TestSuite" id="2066" name="Tests" fullname="Hidano.FacialControl.Tests" runstate="Runnable" testcasecount="1006" result="Passed" start-time="2026-04-21 06:26:32Z" end-time="2026-04-21 06:26:33Z" duration="1.071573" total="1006" passed="1006" failed="0" inconclusive="0" skipped="0" asserts="0">
            <properties />
            <test-suite type="TestSuite" id="2067" name="EditMode" fullname="Hidano.FacialControl.Tests.EditMode" runstate="Runnable" testcasecount="1006" result="Passed" start-time="2026-04-21 06:26:32Z" end-time="2026-04-21 06:26:33Z" duration="1.071317" total="1006" passed="1006" failed="0" inconclusive="0" skipped="0" asserts="0">
              <properties />
              <test-suite type="TestSuite" id="2071" name="Adapters" fullname="Hidano.FacialControl.Tests.EditMode.Adapters" runstate="Runnable" testcasecount="399" result="Passed" start-time="2026-04-21 06:26:32Z" end-time="2026-04-21 06:26:33Z" duration="0.562494" total="399" passed="399" failed="0" inconclusive="0" skipped="0" asserts="0">
                <properties />
                <test-suite type="TestFixture" id="1643" name="AnimationClipCacheTests" fullname="Hidano.FacialControl.Tests.EditMode.Adapters.AnimationClipCacheTests" classname="Hidano.FacialControl.Tests.EditMode.Adapters.AnimationClipCacheTests" runstate="Runnable" testcasecount="23" result="Passed" start-time="2026-04-21 06:26:32Z" end-time="2026-04-21 06:26:32Z" duration="0.031533" total="23" passed="23" failed="0" inconclusive="0" skipped="0" asserts="0">
                  <properties />
                  <test-case id="1659" name="Clear_AfterClear_ReturnsNewClip" fullname="Hidano.FacialControl.Tests.EditMode.Adapters.AnimationClipCacheTests.Clear_AfterClear_ReturnsNewClip" methodname="Clear_AfterClear_ReturnsNewClip" classname="Hidano.FacialControl.Tests.EditMode.Adapters.AnimationClipCacheTests" runstate="Runnable" seed="808173514" result="Passed" start-time="2026-04-21 06:26:32Z" end-time="2026-04-21 06:26:32Z" duration="0.009216" asserts="0">
                    <properties>
                      <property name="retryIteration" value="0" />
                      <property name="repeatIteration" value="0" />
                    </properties>
                  </test-case>
                  <test-case id="1657" name="Clear_EmptyCache_DoesNotThrow" fullname="Hidano.FacialControl.Tests.EditMode.Adapters.AnimationClipCacheTests.Clear_EmptyCache_DoesNotThrow" methodname="Clear_EmptyCache_DoesNotThrow" classname="Hidano.FacialControl.Tests.EditMode.Adapters.AnimationClipCacheTests" runstate="Runnable" seed="1785153588" result="Passed" start-time="2026-04-21 06:26:32Z" end-time="2026-04-21 06:26:32Z" duration="0.000678" asserts="0">
                    <properties>
                      <property name="retryIteration" value="0" />
                      <property name="repeatIteration" value="0" />
                    </properties>
                  </test-case>
                  <test-case id="1658" name="Clear_WithEntries_ResetsCountToZero" fullname="Hidano.FacialControl.Tests.EditMode.Adapters.AnimationClipCacheTests.Clear_WithEntries_ResetsCountToZero" methodname="Clear_WithEntries_ResetsCountToZero" classname="Hidano.FacialControl.Tests.EditMode.Adapters.AnimationClipCacheTests" runstate="Runnable" seed="1341534857" result="Passed" start-time="2026-04-21 06:26:32Z" end-time="2026-04-21 06:26:32Z" duration="0.002564" asserts="0">
                    <properties>
                      <property name="retryIteration" value="0" />
                      <property name="repeatIteration" value="0" />
                    </properties>
                  </test-case>
                  <test-case id="1645" name="Constructor_CustomCapacity_CreatesWithSpecifiedSize" fullname="Hidano.FacialControl.Tests.EditMode.Adapters.AnimationClipCacheTests.Constructor_CustomCapacity_CreatesWithSpecifiedSize" methodname="Constructor_CustomCapacity_CreatesWithSpecifiedSize" classname="Hidano.FacialControl.Tests.EditMode.Adapters.AnimationClipCacheTests" runstate="Runnable" seed="1861095190" result="Passed" start-time="2026-04-21 06:26:32Z" end-time="2026-04-21 06:26:32Z" duration="0.000273" asserts="0">
                    <properties>
                      <property name="retryIteration" value="0" />
                      <property name="repeatIteration" value="0" />
                    </properties>
                  </test-case>
                  <test-case id="1644" name="Constructor_DefaultCapacity_Creates16EntryCache" fullname="Hidano.FacialControl.Tests.EditMode.Adapters.AnimationClipCacheTests.Constructor_DefaultCapacity_Creates16EntryCache" methodname="Constructor_DefaultCapacity_Creates16EntryCache" classname="Hidano.FacialControl.Tests.EditMode.Adapters.AnimationClipCacheTests" runstate="Runnable" seed="1216569453" result="Passed" start-time="2026-04-21 06:26:32Z" end-time="2026-04-21 06:26:32Z" duration="0.000167" asserts="0">
                    <properties>
                      <property name="retryIteration" value="0" />
                      <property name="repeatIteration" value="0" />
                    </properties>
                  </test-case>
                  <test-case id="1647" name="Constructor_NegativeCapacity_ThrowsArgumentOutOfRangeException" fullname="Hidano.FacialControl.Tests.EditMode.Adapters.AnimationClipCacheTests.Constructor_NegativeCapacity_ThrowsArgumentOutOfRangeException" methodname="Constructor_NegativeCapacity_ThrowsArgumentOutOfRangeException" classname="Hidano.FacialControl.Tests.EditMode.Adapters.AnimationClipCacheTests" runstate="Runnable" seed="1723804386" result="Passed" start-time="2026-04-21 06:26:32Z" end-time="2026-04-21 06:26:32Z" duration="0.001582" asserts="0">
                    <properties>
                      <property name="retryIteration" value="0" />
                      <property name="repeatIteration" value="0" />
                    </properties>
                  </test-case>
                  <test-case id="1646" name="Constructor_ZeroCapacity_ThrowsArgumentOutOfRangeException" fullname="Hidano.FacialControl.Tests.EditMode.Adapters.AnimationClipCacheTests.Constructor_ZeroCapacity_ThrowsArgumentOutOfRangeException" methodname="Constructor_ZeroCapacity_ThrowsArgumentOutOfRangeException" classname="Hidano.FacialControl.Tests.EditMode.Adapters.AnimationClipCacheTests" runstate="Runnable" seed="772428206" result="Passed" start-time="2026-04-21 06:26:32Z" end-time="2026-04-21 06:26:32Z" duration="0.000235" asserts="0">
                    <properties>
                      <property name="retryIteration" value="0" />
                      <property name="repeatIteration" value="0" />
                    </properties>
                  </test-case>
                  <test-case id="1666" name="ContainsKey_AfterEviction_ReturnsFalse" fullname="Hidano.FacialControl.Tests.EditMode.Adapters.AnimationClipCacheTests.ContainsKey_AfterEviction_ReturnsFalse" methodname="ContainsKey_AfterEviction_ReturnsFalse" classname="Hidano.FacialControl.Tests.EditMode.Adapters.AnimationClipCacheTests" runstate="Runnable" seed="982331654" result="Passed" start-time="2026-04-21 06:26:32Z" end-time="2026-04-21 06:26:32Z" duration="0.000762" asserts="0">
                    <properties>
                      <property name="retryIteration" value="0" />
                      <property name="repeatIteration" value="0" />
                    </properties>
                  </test-case>
                  <test-case id="1664" name="ContainsKey_ExistingEntry_ReturnsTrue" fullname="Hidano.FacialControl.Tests.EditMode.Adapters.AnimationClipCacheTests.ContainsKey_ExistingEntry_ReturnsTrue" methodname="ContainsKey_ExistingEntry_ReturnsTrue" classname="Hidano.FacialControl.Tests.EditMode.Adapters.AnimationClipCacheTests" runstate="Runnable" seed="2106078407" result="Passed" start-time="2026-04-21 06:26:32Z" end-time="2026-04-21 06:26:32Z" duration="0.000209" asserts="0">
                    <properties>
                      <property name="retryIteration" value="0" />
                      <property name="repeatIteration" value="0" />
                    </properties>
                  </test-case>
                  <test-case id="1665" name="ContainsKey_NonExistingEntry_ReturnsFalse" fullname="Hidano.FacialControl.Tests.EditMode.Adapters.AnimationClipCacheTests.ContainsKey_NonExistingEntry_ReturnsFalse" methodname="ContainsKey_NonExistingEntry_ReturnsFalse" classname="Hidano.FacialControl.Tests.EditMode.Adapters.AnimationClipCacheTests" runstate="Runnable" seed="1378952089" result="Passed" start-time="2026-04-21 06:26:32Z" end-time="2026-04-21 06:26:32Z" duration="0.000139" asserts="0">
                    <properties>
                      <property name="retryIteration" value="0" />
                      <property name="repeatIteration" value="0" />
                    </properties>
                  </test-case>
                  <test-case id="1661" name="Dispose_CalledTwice_DoesNotThrow" fullname="Hidano.FacialControl.Tests.EditMode.Adapters.AnimationClipCacheTests.Dispose_CalledTwice_DoesNotThrow" methodname="Dispose_CalledTwice_DoesNotThrow" classname="Hidano.FacialControl.Tests.EditMode.Adapters.AnimationClipCacheTests" runstate="Runnable" seed="418053778" result="Passed" start-time="2026-04-21 06:26:32Z" end-time="2026-04-21 06:26:32Z" duration="0.000183" asserts="0">
                    <properties>
                      <property name="retryIteration" value="0" />
                      <property name="repeatIteration" value="0" />
                    </properties>
                  </test-case>
                  <test-case id="1660" name="Dispose_DoesNotThrow" fullname="Hidano.FacialControl.Tests.EditMode.Adapters.AnimationClipCacheTests.Dispose_DoesNotThrow" methodname="Dispose_DoesNotThrow" classname="Hidano.FacialControl.Tests.EditMode.Adapters.AnimationClipCacheTests" runstate="Runnable" seed="1644205377" result="Passed" start-time="2026-04-21 06:26:32Z" end-time="2026-04-21 06:26:32Z" duration="0.000249" asserts="0">
                    <properties>
                      <property name="retryIteration" value="0" />
                      <property name="repeatIteration" value="0" />
                    </properties>
                  </test-case>
                  <test-case id="1654" name="GetOrCreate_AccessRefreshesLru_EvictsCorrectEntry" fullname="Hidano.FacialControl.Tests.EditMode.Adapters.AnimationClipCacheTests.GetOrCreate_AccessRefreshesLru_EvictsCorrectEntry" methodname="GetOrCreate_AccessRefreshesLru_EvictsCorrectEntry" classname="Hidano.FacialControl.Tests.EditMode.Adapters.AnimationClipCacheTests" runstate="Runnable" seed="141976634" result="Passed" start-time="2026-04-21 06:26:32Z" end-time="2026-04-21 06:26:32Z" duration="0.000348" asserts="0">
                    <properties>
                      <property name="retryIteration" value="0" />
                      <property name="repeatIteration" value="0" />
                    </properties>
                  </test-case>
                  <test-case id="1652" name="GetOrCreate_CacheHit_DoesNotIncrementCount" fullname="Hidano.FacialControl.Tests.EditMode.Adapters.AnimationClipCacheTests.GetOrCreate_CacheHit_DoesNotIncrementCount" methodname="GetOrCreate_CacheHit_DoesNotIncrementCount" classname="Hidano.FacialControl.Tests.EditMode.Adapters.AnimationClipCacheTests" runstate="Runnable" seed="1321812054" result="Passed" start-time="2026-04-21 06:26:32Z" end-time="2026-04-21 06:26:32Z" duration="0.000213" asserts="0">
                    <properties>
                      <property name="retryIteration" value="0" />
                      <property name="repeatIteration" value="0" />
                    </properties>
                  </test-case>
                  <test-case id="1649" name="GetOrCreate_CacheMiss_IncrementsCount" fullname="Hidano.FacialControl.Tests.EditMode.Adapters.AnimationClipCacheTests.GetOrCreate_CacheMiss_IncrementsCount" methodname="GetOrCreate_CacheMiss_IncrementsCount" classname="Hidano.FacialControl.Tests.EditMode.Adapters.AnimationClipCacheTests" runstate="Runnable" seed="1933566632" result="Passed" start-time="2026-04-21 06:26:32Z" end-time="2026-04-21 06:26:32Z" duration="0.000201" asserts="0">
                    <properties>
                      <property name="retryIteration" value="0" />
                      <property name="repeatIteration" value="0" />
                    </properties>
                  </test-case>
                  <test-case id="1655" name="GetOrCreate_CapacityOne_AlwaysReplacesEntry" fullname="Hidano.FacialControl.Tests.EditMode.Adapters.AnimationClipCacheTests.GetOrCreate_CapacityOne_AlwaysReplacesEntry" methodname="GetOrCreate_CapacityOne_AlwaysReplacesEntry" classname="Hidano.FacialControl.Tests.EditMode.Adapters.AnimationClipCacheTests" runstate="Runnable" seed="754804783" result="Passed" start-time="2026-04-21 06:26:32Z" end-time="2026-04-21 06:26:32Z" duration="0.000271" asserts="0">
                    <properties>
                      <property name="retryIteration" value="0" />
                      <property name="repeatIteration" value="0" />
                    </properties>
                  </test-case>
                  <test-case id="1650" name="GetOrCreate_DifferentIds_CreatesSeparateEntries" fullname="Hidano.FacialControl.Tests.EditMode.Adapters.AnimationClipCacheTests.GetOrCreate_DifferentIds_CreatesSeparateEntries" methodname="GetOrCreate_DifferentIds_CreatesSeparateEntries" classname="Hidano.FacialControl.Tests.EditMode.Adapters.AnimationClipCacheTests" runstate="Runnable" seed="2026073234" result="Passed" start-time="2026-04-21 06:26:32Z" end-time="2026-04-21 06:26:32Z" duration="0.000228" asserts="0">
                    <properties>
                      <property name="retryIteration" value="0" />
                      <property name="repeatIteration" value="0" />
                    </properties>
                  </test-case>
                  <test-case id="1656" name="GetOrCreate_EmptyBlendShapeValues_ReturnsClip" fullname="Hidano.FacialControl.Tests.EditMode.Adapters.AnimationClipCacheTests.GetOrCreate_EmptyBlendShapeValues_ReturnsClip" methodname="GetOrCreate_EmptyBlendShapeValues_ReturnsClip" classname="Hidano.FacialControl.Tests.EditMode.Adapters.AnimationClipCacheTests" runstate="Runnable" seed="72606877" result="Passed" start-time="2026-04-21 06:26:32Z" end-time="2026-04-21 06:26:32Z" duration="0.000504" asserts="0">
                    <properties>
                      <property name="retryIteration" value="0" />
                      <property name="repeatIteration" value="0" />
                    </properties>
                  </test-case>
                  <test-case id="1653" name="GetOrCreate_ExceedsCapacity_EvictsLeastRecentlyUsed" fullname="Hidano.FacialControl.Tests.EditMode.Adapters.AnimationClipCacheTests.GetOrCreate_ExceedsCapacity_EvictsLeastRecentlyUsed" methodname="GetOrCreate_ExceedsCapacity_EvictsLeastRecentlyUsed" classname="Hidano.FacialControl.Tests.EditMode.Adapters.AnimationClipCacheTests" runstate="Runnable" seed="1868481154" result="Passed" start-time="2026-04-21 06:26:32Z" end-time="2026-04-21 06:26:32Z" duration="0.000258" asserts="0">
                    <properties>
                      <property name="retryIteration" value="0" />
                      <property name="repeatIteration" value="0" />
                    </properties>
                  </test-case>
                  <test-case id="1648" name="GetOrCreate_FirstCall_ReturnsNonNullAnimationClip" fullname="Hidano.FacialControl.Tests.EditMode.Adapters.AnimationClipCacheTests.GetOrCreate_FirstCall_ReturnsNonNullAnimationClip" methodname="GetOrCreate_FirstCall_ReturnsNonNullAnimationClip" classname="Hidano.FacialControl.Tests.EditMode.Adapters.AnimationClipCacheTests" runstate="Runnable" seed="795796412" result="Passed" start-time="2026-04-21 06:26:32Z" end-time="2026-04-21 06:26:32Z" duration="0.000412" asserts="0">
                    <properties>
                      <property name="retryIteration" value="0" />
                      <property name="repeatIteration" value="0" />
                    </properties>
                  </test-case>
                  <test-case id="1663" name="GetOrCreate_NullBlendShapeValues_ThrowsArgumentNullException" fullname="Hidano.FacialControl.Tests.EditMode.Adapters.AnimationClipCacheTests.GetOrCreate_NullBlendShapeValues_ThrowsArgumentNullException" methodname="GetOrCreate_NullBlendShapeValues_ThrowsArgumentNullException" classname="Hidano.FacialControl.Tests.EditMode.Adapters.AnimationClipCacheTests" runstate="Runnable" seed="861878280" result="Passed" start-time="2026-04-21 06:26:32Z" end-time="2026-04-21 06:26:32Z" duration="0.000248" asserts="0">
                    <properties>
                      <property name="retryIteration" value="0" />
                      <property name="repeatIteration" value="0" />
                    </properties>
                  </test-case>
                  <test-case id="1662" name="GetOrCreate_NullExpressionId_ThrowsArgumentNullException" fullname="Hidano.FacialControl.Tests.EditMode.Adapters.AnimationClipCacheTests.GetOrCreate_NullExpressionId_ThrowsArgumentNullException" methodname="GetOrCreate_NullExpressionId_ThrowsArgumentNullException" classname="Hidano.FacialControl.Tests.EditMode.Adapters.AnimationClipCacheTests" runstate="Runnable" seed="495684673" result="Passed" start-time="2026-04-21 06:26:32Z" end-time="2026-04-21 06:26:32Z" duration="0.000248" asserts="0">
                    <properties>
                      <property name="retryIteration" value="0" />
                      <property name="repeatIteration" value="0" />
                    </properties>
                  </test-case>
                  <test-case id="1651" name="GetOrCreate_SameId_ReturnsCachedClip" fullname="Hidano.FacialControl.Tests.EditMode.Adapters.AnimationClipCacheTests.GetOrCreate_SameId_ReturnsCachedClip" methodname="GetOrCreate_SameId_ReturnsCachedClip" classname="Hidano.FacialControl.Tests.EditMode.Adapters.AnimationClipCacheTests" runstate="Runnable" seed="1629457956" result="Passed" start-time="2026-04-21 06:26:32Z" end-time="2026-04-21 06:26:32Z" duration="0.000244" asserts="0">
                    <properties>
                      <property name="retryIteration" value="0" />
                      <property name="repeatIteration" value="0" />
                    </properties>
                  </test-case>
                </test-suite>
                <test-suite type="TestFixture" id="1667" name="DefaultProfileTemplateTests" fullname="Hidano.FacialControl.Tests.EditMode.Adapters.DefaultProfileTemplateTests" classname="Hidano.FacialControl.Tests.EditMode.Adapters.DefaultProfileTemplateTests" runstate="Runnable" testcasecount="14" result="Passed" start-time="2026-04-21 06:26:32Z" end-time="2026-04-21 06:26:32Z" duration="0.015984" total="14" passed="14" failed="0" inconclusive="0" skipped="0" asserts="0">
                  <properties />
                  <test-case id="1678" name="ParseProfile_DefaultTemplate_AllLayerReferencesValid" fullname="Hidano.FacialControl.Tests.EditMode.Adapters.DefaultProfileTemplateTests.ParseProfile_DefaultTemplate_AllLayerReferencesValid" methodname="ParseProfile_DefaultTemplate_AllLayerReferencesValid" classname="Hidano.FacialControl.Tests.EditMode.Adapters.DefaultProfileTemplateTests" runstate="Runnable" seed="1039695579" result="Passed" start-time="2026-04-21 06:26:32Z" end-time="2026-04-21 06:26:32Z" duration="0.005276" asserts="0">
                    <properties>
                      <property name="retryIteration" value="0" />
                      <property name="repeatIteration" value="0" />
                    </properties>
                  </test-case>
                  <test-case id="1675" name="ParseProfile_DefaultTemplate_BlinkExpressionCorrect" fullname="Hidano.FacialControl.Tests.EditMode.Adapters.DefaultProfileTemplateTests.ParseProfile_DefaultTemplate_BlinkExpressionCorrect" methodname="ParseProfile_DefaultTemplate_BlinkExpressionCorrect" classname="Hidano.FacialControl.Tests.EditMode.Adapters.DefaultProfileTemplateTests" runstate="Runnable" seed="1211309004" result="Passed" start-time="2026-04-21 06:26:32Z" end-time="2026-04-21 06:26:32Z" duration="0.001486" asserts="0">
                    <properties>
                      <property name="retryIteration" value="0" />
                      <property name="repeatIteration" value="0" />
                    </properties>
                  </test-case>
                  <test-case id="1674" name="ParseProfile_DefaultTemplate_DefaultExpressionCorrect" fullname="Hidano.FacialControl.Tests.EditMode.Adapters.DefaultProfileTemplateTests.ParseProfile_DefaultTemplate_DefaultExpressionCorrect" methodname="ParseProfile_DefaultTemplate_DefaultExpressionCorrect" classname="Hidano.FacialControl.Tests.EditMode.Adapters.DefaultProfileTemplateTests" runstate="Runnable" seed="403911422" result="Passed" start-time="2026-04-21 06:26:32Z" end-time="2026-04-21 06:26:32Z" duration="0.000371" asserts="0">
                    <properties>
                      <property name="retryIteration" value="0" />
                      <property name="repeatIteration" value="0" />
                    </properties>
                  </test-case>
                  <test-case id="1670" name="ParseProfile_DefaultTemplate_EmotionLayerCorrect" fullname="Hidano.FacialControl.Tests.EditMode.Adapters.DefaultProfileTemplateTests.ParseProfile_DefaultTemplate_EmotionLayerCorrect" methodname="ParseProfile_DefaultTemplate_EmotionLayerCorrect" classname="Hidano.FacialControl.Tests.EditMode.Adapters.DefaultProfileTemplateTests" runstate="Runnable" seed="1063783168" result="Passed" start-time="2026-04-21 06:26:32Z" end-time="2026-04-21 06:26:32Z" duration="0.000347" asserts="0">
                    <properties>
                      <property name="retryIteration" value="0" />
                      <property name="repeatIteration" value="0" />
                    </properties>
                  </test-case>
                  <test-case id="1679" name="ParseProfile_DefaultTemplate_EmotionLayerHasOneExpression" fullname="Hidano.FacialControl.Tests.EditMode.Adapters.DefaultProfileTemplateTests.ParseProfile_DefaultTemplate_EmotionLayerHasOneExpression" methodname="ParseProfile_DefaultTemplate_EmotionLayerHasOneExpression" classname="Hidano.FacialControl.Tests.EditMode.Adapters.DefaultProfileTemplateTests" runstate="Runnable" seed="1416192207" result="Passed" start-time="2026-04-21 06:26:32Z" end-time="2026-04-21 06:26:32Z" duration="0.000642" asserts="0">
                    <properties>
                      <property name="retryIteration" value="0" />
                      <property name="repeatIteration" value="0" />
                    </properties>
                  </test-case>
                  <test-case id="1672" name="ParseProfile_DefaultTemplate_EyeLayerCorrect" fullname="Hidano.FacialControl.Tests.EditMode.Adapters.DefaultProfileTemplateTests.ParseProfile_DefaultTemplate_EyeLayerCorrect" methodname="ParseProfile_DefaultTemplate_EyeLayerCorrect" classname="Hidano.FacialControl.Tests.EditMode.Adapters.DefaultProfileTemplateTests" runstate="Runnable" seed="997498355" result="Passed" start-time="2026-04-21 06:26:32Z" end-time="2026-04-21 06:26:32Z" duration="0.000307" asserts="0">
                    <properties>
                      <property name="retryIteration" value="0" />
                      <property name="repeatIteration" value="0" />
                    </properties>
                  </test-case>
                  <test-case id="1680" name="ParseProfile_DefaultTemplate_EyeLayerHasThreeExpressions" fullname="Hidano.FacialControl.Tests.EditMode.Adapters.DefaultProfileTemplateTests.ParseProfile_DefaultTemplate_EyeLayerHasThreeExpressions" methodname="ParseProfile_DefaultTemplate_EyeLayerHasThreeExpressions" classname="Hidano.FacialControl.Tests.EditMode.Adapters.DefaultProfileTemplateTests" runstate="Runnable" seed="1643815679" result="Passed" start-time="2026-04-21 06:26:32Z" end-time="2026-04-21 06:26:32Z" duration="0.000259" asserts="0">
                    <properties>
                      <property name="retryIteration" value="0" />
                      <property name="repeatIteration" value="0" />
                    </properties>
                  </test-case>
                  <test-case id="1677" name="ParseProfile_DefaultTemplate_GazeCameraExpressionCorrect" fullname="Hidano.FacialControl.Tests.EditMode.Adapters.DefaultProfileTemplateTests.ParseProfile_DefaultTemplate_GazeCameraExpressionCorrect" methodname="ParseProfile_DefaultTemplate_GazeCameraExpressionCorrect" classname="Hidano.FacialControl.Tests.EditMode.Adapters.DefaultProfileTemplateTests" runstate="Runnable" seed="1045414069" result="Passed" start-time="2026-04-21 06:26:32Z" end-time="2026-04-21 06:26:32Z" duration="0.000372" asserts="0">
                    <properties>
                      <property name="retryIteration" value="0" />
                      <property name="repeatIteration" value="0" />
                    </properties>
                  </test-case>
                  <test-case id="1676" name="ParseProfile_DefaultTemplate_GazeFollowExpressionCorrect" fullname="Hidano.FacialControl.Tests.EditMode.Adapters.DefaultProfileTemplateTests.ParseProfile_DefaultTemplate_GazeFollowExpressionCorrect" methodname="ParseProfile_DefaultTemplate_GazeFollowExpressionCorrect" classname="Hidano.FacialControl.Tests.EditMode.Adapters.DefaultProfileTemplateTests" runstate="Runnable" seed="565471682" result="Passed" start-time="2026-04-21 06:26:32Z" end-time="2026-04-21 06:26:32Z" duration="0.000354" asserts="0">
                    <properties>
                      <property name="retryIteration" value="0" />
                      <property name="repeatIteration" value="0" />
                    </properties>
                  </test-case>
                  <test-case id="1673" name="ParseProfile_DefaultTemplate_HasFourExpressions" fullname="Hidano.FacialControl.Tests.EditMode.Adapters.DefaultProfileTemplateTests.ParseProfile_DefaultTemplate_HasFourExpressions" methodname="ParseProfile_DefaultTemplate_HasFourExpressions" classname="Hidano.FacialControl.Tests.EditMode.Adapters.DefaultProfileTemplateTests" runstate="Runnable" seed="652346268" result="Passed" start-time="2026-04-21 06:26:32Z" end-time="2026-04-21 06:26:32Z" duration="0.000253" asserts="0">
                    <properties>
                      <property name="retryIteration" value="0" />
                      <property name="repeatIteration" value="0" />
                    </properties>
                  </test-case>
                  <test-case id="1669" name="ParseProfile_DefaultTemplate_HasThreeLayers" fullname="Hidano.FacialControl.Tests.EditMode.Adapters.DefaultProfileTemplateTests.ParseProfile_DefaultTemplate_HasThreeLayers" methodname="ParseProfile_DefaultTemplate_HasThreeLayers" classname="Hidano.FacialControl.Tests.EditMode.Adapters.DefaultProfileTemplateTests" runstate="Runnable" seed="1109068392" result="Passed" start-time="2026-04-21 06:26:32Z" end-time="2026-04-21 06:26:32Z" duration="0.000269" asserts="0">
                    <properties>
                      <property name="retryIteration" value="0" />
                      <property name="repeatIteration" value="0" />
                    </properties>
                  </test-case>
                  <test-case id="1671" name="ParseProfile_DefaultTemplate_LipsyncLayerCorrect" fullname="Hidano.FacialControl.Tests.EditMode.Adapters.DefaultProfileTemplateTests.ParseProfile_DefaultTemplate_LipsyncLayerCorrect" methodname="ParseProfile_DefaultTemplate_LipsyncLayerCorrect" classname="Hidano.FacialControl.Tests.EditMode.Adapters.DefaultProfileTemplateTests" runstate="Runnable" seed="454065915" result="Passed" start-time="2026-04-21 06:26:32Z" end-time="2026-04-21 06:26:32Z" duration="0.000285" asserts="0">
                    <properties>
                      <property name="retryIteration" value="0" />
                      <property name="repeatIteration" value="0" />
                    </properties>
                  </test-case>
                  <test-case id="1668" name="ParseProfile_DefaultTemplate_ReturnsValidProfile" fullname="Hidano.FacialControl.Tests.EditMode.Adapters.DefaultProfileTemplateTests.ParseProfile_DefaultTemplate_ReturnsValidProfile" methodname="ParseProfile_DefaultTemplate_ReturnsValidProfile" classname="Hidano.FacialControl.Tests.EditMode.Adapters.DefaultProfileTemplateTests" runstate="Runnable" seed="2131217705" result="Passed" start-time="2026-04-21 06:26:32Z" end-time="2026-04-21 06:26:32Z" duration="0.000246" asserts="0">
                    <properties>
                      <property name="retryIteration" value="0" />
                      <property name="repeatIteration" value="0" />
                    </properties>
                  </test-case>
                  <test-case id="1681" name="SerializeProfile_DefaultTemplate_RoundTrip_PreservesData" fullname="Hidano.FacialControl.Tests.EditMode.Adapters.DefaultProfileTemplateTests.SerializeProfile_DefaultTemplate_RoundTrip_PreservesData" methodname="SerializeProfile_DefaultTemplate_RoundTrip_PreservesData" classname="Hidano.FacialControl.Tests.EditMode.Adapters.DefaultProfileTemplateTests" runstate="Runnable" seed="1917421788" result="Passed" start-time="2026-04-21 06:26:32Z" end-time="2026-04-21 06:26:32Z" duration="0.002661" asserts="0">
                    <properties>
                      <property name="retryIteration" value="0" />
                      <property name="repeatIteration" value="0" />
                    </properties>
                  </test-case>
                </test-suite>
                <test-suite type="TestFixture" id="1682" name="FacialProfileMapperTests" fullname="Hidano.FacialControl.Tests.EditMode.Adapters.FacialProfileMapperTests" classname="Hidano.FacialControl.Tests.EditMode.Adapters.FacialProfileMapperTests" runstate="Runnable" testcasecount="28" result="Passed" start-time="2026-04-21 06:26:32Z" end-time="2026-04-21 06:26:32Z" duration="0.013995" total="28" passed="28" failed="0" inconclusive="0" skipped="0" asserts="0">
                  <properties />
                  <test-case id="1683" name="Constructor_NullRepository_ThrowsArgumentNullException" fullname="Hidano.FacialControl.Tests.EditMode.Adapters.FacialProfileMapperTests.Constructor_NullRepository_ThrowsArgumentNullException" methodname="Constructor_NullRepository_ThrowsArgumentNullException" classname="Hidano.FacialControl.Tests.EditMode.Adapters.FacialProfileMapperTests" runstate="Runnable" seed="1860673344" result="Passed" start-time="2026-04-21 06:26:32Z" end-time="2026-04-21 06:26:32Z" duration="0.000602" asserts="0">
                    <properties>
                      <property name="retryIteration" value="0" />
                      <property name="repeatIteration" value="0" />
                    </properties>
                  </test-case>
                  <test-case id="1684" name="Constructor_ValidRepository_CreatesInstance" fullname="Hidano.FacialControl.Tests.EditMode.Adapters.FacialProfileMapperTests.Constructor_ValidRepository_CreatesInstance" methodname="Constructor_ValidRepository_CreatesInstance" classname="Hidano.FacialControl.Tests.EditMode.Adapters.FacialProfileMapperTests" runstate="Runnable" seed="138203172" result="Passed" start-time="2026-04-21 06:26:32Z" end-time="2026-04-21 06:26:32Z" duration="0.000168" asserts="0">
                    <properties>
                      <property name="retryIteration" value="0" />
                      <property name="repeatIteration" value="0" />
                    </properties>
                  </test-case>
                  <test-case id="1700" name="LoadAndUpdateSO_InvalidPath_ThrowsArgumentException" fullname="Hidano.FacialControl.Tests.EditMode.Adapters.FacialProfileMapperTests.LoadAndUpdateSO_InvalidPath_ThrowsArgumentException" methodname="LoadAndUpdateSO_InvalidPath_ThrowsArgumentException" classname="Hidano.FacialControl.Tests.EditMode.Adapters.FacialProfileMapperTests" runstate="Runnable" seed="595393947" result="Passed" start-time="2026-04-21 06:26:32Z" end-time="2026-04-21 06:26:32Z" duration="0.000538" asserts="0">
                    <properties>
                      <property name="retryIteration" value="0" />
                      <property name="repeatIteration" value="0" />
                    </properties>
                  </test-case>
                  <test-case id="1699" name="LoadAndUpdateSO_NullSO_ThrowsArgumentNullException" fullname="Hidano.FacialControl.Tests.EditMode.Adapters.FacialProfileMapperTests.LoadAndUpdateSO_NullSO_ThrowsArgumentNullException" methodname="LoadAndUpdateSO_NullSO_ThrowsArgumentNullException" classname="Hidano.FacialControl.Tests.EditMode.Adapters.FacialProfileMapperTests" runstate="Runnable" seed="2114499433" result="Passed" start-time="2026-04-21 06:26:32Z" end-time="2026-04-21 06:26:32Z" duration="0.000213" asserts="0">
                    <properties>
                      <property name="retryIteration" value="0" />
                      <property name="repeatIteration" value="0" />
                    </properties>
                  </test-case>
                  <test-case id="1709" name="LoadAndUpdateSO_ProfileWithRendererPaths_SyncsRendererPathsToSO" fullname="Hidano.FacialControl.Tests.EditMode.Adapters.FacialProfileMapperTests.LoadAndUpdateSO_ProfileWithRendererPaths_SyncsRendererPathsToSO" methodname="LoadAndUpdateSO_ProfileWithRendererPaths_SyncsRendererPathsToSO" classname="Hidano.FacialControl.Tests.EditMode.Adapters.FacialProfileMapperTests" runstate="Runnable" seed="1113371175" result="Passed" start-time="2026-04-21 06:26:32Z" end-time="2026-04-21 06:26:32Z" duration="0.001014" asserts="0">
                    <properties>
                      <property name="retryIteration" value="0" />
                      <property name="repeatIteration" value="0" />
                    </properties>
                  </test-case>
                  <test-case id="1701" name="LoadAndUpdateSO_RepositoryThrows_PropagatesException" fullname="Hidano.FacialControl.Tests.EditMode.Adapters.FacialProfileMapperTests.LoadAndUpdateSO_RepositoryThrows_PropagatesException" methodname="LoadAndUpdateSO_RepositoryThrows_PropagatesException" classname="Hidano.FacialControl.Tests.EditMode.Adapters.FacialProfileMapperTests" runstate="Runnable" seed="1216260813" result="Passed" start-time="2026-04-21 06:26:32Z" end-time="2026-04-21 06:26:32Z" duration="0.000335" asserts="0">
                    <properties>
                      <property name="retryIteration" value="0" />
                      <property name="repeatIteration" value="0" />
                    </properties>
                  </test-case>
                  <test-case id="1698" name="LoadAndUpdateSO_ValidSO_LoadsAndUpdates" fullname="Hidano.FacialControl.Tests.EditMode.Adapters.FacialProfileMapperTests.LoadAndUpdateSO_ValidSO_LoadsAndUpdates" methodname="LoadAndUpdateSO_ValidSO_LoadsAndUpdates" classname="Hidano.FacialControl.Tests.EditMode.Adapters.FacialProfileMapperTests" runstate="Runnable" seed="1148846419" result="Passed" start-time="2026-04-21 06:26:32Z" end-time="2026-04-21 06:26:32Z" duration="0.000609" asserts="0">
                    <properties>
                      <property name="retryIteration" value="0" />
                      <property name="repeatIteration" value="0" />
                    </properties>
                  </test-case>
                  <test-case id="1706" name="SaveFromSO_EmptyJsonFilePath_ThrowsArgumentException" fullname="Hidano.FacialControl.Tests.EditMode.Adapters.FacialProfileMapperTests.SaveFromSO_EmptyJsonFilePath_ThrowsArgumentException" methodname="SaveFromSO_EmptyJsonFilePath_ThrowsArgumentException" classname="Hidano.FacialControl.Tests.EditMode.Adapters.FacialProfileMapperTests" runstate="Runnable" seed="1872498553" result="Passed" start-time="2026-04-21 06:26:32Z" end-time="2026-04-21 06:26:32Z" duration="0.000367" asserts="0">
                    <properties>
                      <property name="retryIteration" value="0" />
                      <property name="repeatIteration" value="0" />
                    </properties>
                  </test-case>
                  <test-case id="1705" name="SaveFromSO_NullJsonFilePath_ThrowsArgumentException" fullname="Hidano.FacialControl.Tests.EditMode.Adapters.FacialProfileMapperTests.SaveFromSO_NullJsonFilePath_ThrowsArgumentException" methodname="SaveFromSO_NullJsonFilePath_ThrowsArgumentException" classname="Hidano.FacialControl.Tests.EditMode.Adapters.FacialProfileMapperTests" runstate="Runnable" seed="1598515203" result="Passed" start-time="2026-04-21 06:26:32Z" end-time="2026-04-21 06:26:32Z" duration="0.000323" asserts="0">
                    <properties>
                      <property name="retryIteration" value="0" />
                      <property name="repeatIteration" value="0" />
                    </properties>
                  </test-case>
                  <test-case id="1704" name="SaveFromSO_NullSO_ThrowsArgumentNullException" fullname="Hidano.FacialControl.Tests.EditMode.Adapters.FacialProfileMapperTests.SaveFromSO_NullSO_ThrowsArgumentNullException" methodname="SaveFromSO_NullSO_ThrowsArgumentNullException" classname="Hidano.FacialControl.Tests.EditMode.Adapters.FacialProfileMapperTests" runstate="Runnable" seed="1299519284" result="Passed" start-time="2026-04-21 06:26:32Z" end-time="2026-04-21 06:26:32Z" duration="0.000259" asserts="0">
                    <properties>
                      <property name="retryIteration" value="0" />
                      <property name="repeatIteration" value="0" />
                    </properties>
                  </test-case>
                  <test-case id="1710" name="SaveFromSO_ProfileWithRendererPaths_SyncsRendererPathsToSO" fullname="Hidano.FacialControl.Tests.EditMode.Adapters.FacialProfileMapperTests.SaveFromSO_ProfileWithRendererPaths_SyncsRendererPathsToSO" methodname="SaveFromSO_ProfileWithRendererPaths_SyncsRendererPathsToSO" classname="Hidano.FacialControl.Tests.EditMode.Adapters.FacialProfileMapperTests" runstate="Runnable" seed="835879338" result="Passed" start-time="2026-04-21 06:26:32Z" end-time="2026-04-21 06:26:32Z" duration="0.000349" asserts="0">
                    <properties>
                      <property name="retryIteration" value="0" />
                      <property name="repeatIteration" value="0" />
                    </properties>
                  </test-case>
                  <test-case id="1702" name="SaveFromSO_ValidArgs_SavesProfileToPath" fullname="Hidano.FacialControl.Tests.EditMode.Adapters.FacialProfileMapperTests.SaveFromSO_ValidArgs_SavesProfileToPath" methodname="SaveFromSO_ValidArgs_SavesProfileToPath" classname="Hidano.FacialControl.Tests.EditMode.Adapters.FacialProfileMapperTests" runstate="Runnable" seed="654914847" result="Passed" start-time="2026-04-21 06:26:32Z" end-time="2026-04-21 06:26:32Z" duration="0.000305" asserts="0">
                    <properties>
                      <property name="retryIteration" value="0" />
                      <property name="repeatIteration" value="0" />
                    </properties>
                  </test-case>
                  <test-case id="1703" name="SaveFromSO_ValidArgs_UpdatesSOFields" fullname="Hidano.FacialControl.Tests.EditMode.Adapters.FacialProfileMapperTests.SaveFromSO_ValidArgs_UpdatesSOFields" methodname="SaveFromSO_ValidArgs_UpdatesSOFields" classname="Hidano.FacialControl.Tests.EditMode.Adapters.FacialProfileMapperTests" runstate="Runnable" seed="586838178" result="Passed" start-time="2026-04-21 06:26:32Z" end-time="2026-04-21 06:26:32Z" duration="0.000238" asserts="0">
                    <properties>
                      <property name="retryIteration" value="0" />
                      <property name="repeatIteration" value="0" />
                    </properties>
                  </test-case>
                  <test-case id="1689" name="ToProfile_EmptyJsonFilePath_ThrowsArgumentException" fullname="Hidano.FacialControl.Tests.EditMode.Adapters.FacialProfileMapperTests.ToProfile_EmptyJsonFilePath_ThrowsArgumentException" methodname="ToProfile_EmptyJsonFilePath_ThrowsArgumentException" classname="Hidano.FacialControl.Tests.EditMode.Adapters.FacialProfileMapperTests" runstate="Runnable" seed="598945760" result="Passed" start-time="2026-04-21 06:26:32Z" end-time="2026-04-21 06:26:32Z" duration="0.000286" asserts="0">
                    <properties>
                      <property name="retryIteration" value="0" />
                      <property name="repeatIteration" value="0" />
                    </properties>
                  </test-case>
                  <test-case id="1688" name="ToProfile_NullJsonFilePath_ThrowsArgumentException" fullname="Hidano.FacialControl.Tests.EditMode.Adapters.FacialProfileMapperTests.ToProfile_NullJsonFilePath_ThrowsArgumentException" methodname="ToProfile_NullJsonFilePath_ThrowsArgumentException" classname="Hidano.FacialControl.Tests.EditMode.Adapters.FacialProfileMapperTests" runstate="Runnable" seed="1410493300" result="Passed" start-time="2026-04-21 06:26:32Z" end-time="2026-04-21 06:26:32Z" duration="0.000284" asserts="0">
                    <properties>
                      <property name="retryIteration" value="0" />
                      <property name="repeatIteration" value="0" />
                    </properties>
                  </test-case>
                  <test-case id="1687" name="ToProfile_NullSO_ThrowsArgumentNullException" fullname="Hidano.FacialControl.Tests.EditMode.Adapters.FacialProfileMapperTests.ToProfile_NullSO_ThrowsArgumentNullException" methodname="ToProfile_NullSO_ThrowsArgumentNullException" classname="Hidano.FacialControl.Tests.EditMode.Adapters.FacialProfileMapperTests" runstate="Runnable" seed="2037805891" result="Passed" start-time="2026-04-21 06:26:32Z" end-time="2026-04-21 06:26:32Z" duration="0.000232" asserts="0">
                    <properties>
                      <property name="retryIteration" value="0" />
                      <property name="repeatIteration" value="0" />
                    </properties>
                  </test-case>
                  <test-case id="1691" name="ToProfile_RepositoryThrows_PropagatesException" fullname="Hidano.FacialControl.Tests.EditMode.Adapters.FacialProfileMapperTests.ToProfile_RepositoryThrows_PropagatesException" methodname="ToProfile_RepositoryThrows_PropagatesException" classname="Hidano.FacialControl.Tests.EditMode.Adapters.FacialProfileMapperTests" runstate="Runnable" seed="1726093842" result="Passed" start-time="2026-04-21 06:26:32Z" end-time="2026-04-21 06:26:32Z" duration="0.000288" asserts="0">
                    <properties>
                      <property name="retryIteration" value="0" />
                      <property name="repeatIteration" value="0" />
                    </properties>
                  </test-case>
                  <test-case id="1686" name="ToProfile_ValidSO_PassesJsonFilePathToRepository" fullname="Hidano.FacialControl.Tests.EditMode.Adapters.FacialProfileMapperTests.ToProfile_ValidSO_PassesJsonFilePathToRepository" methodname="ToProfile_ValidSO_PassesJsonFilePathToRepository" classname="Hidano.FacialControl.Tests.EditMode.Adapters.FacialProfileMapperTests" runstate="Runnable" seed="1369310005" result="Passed" start-time="2026-04-21 06:26:32Z" end-time="2026-04-21 06:26:32Z" duration="0.000218" asserts="0">
                    <properties>
                      <property name="retryIteration" value="0" />
                      <property name="repeatIteration" value="0" />
                    </properties>
                  </test-case>
                  <test-case id="1685" name="ToProfile_ValidSO_ReturnsProfile" fullname="Hidano.FacialControl.Tests.EditMode.Adapters.FacialProfileMapperTests.ToProfile_ValidSO_ReturnsProfile" methodname="ToProfile_ValidSO_ReturnsProfile" classname="Hidano.FacialControl.Tests.EditMode.Adapters.FacialProfileMapperTests" runstate="Runnable" seed="729280040" result="Passed" start-time="2026-04-21 06:26:32Z" end-time="2026-04-21 06:26:32Z" duration="0.000302" asserts="0">
                    <properties>
                      <property name="retryIteration" value="0" />
                      <property name="repeatIteration" value="0" />
                    </properties>
                  </test-case>
                  <test-case id="1690" name="ToProfile_WhitespaceJsonFilePath_ThrowsArgumentException" fullname="Hidano.FacialControl.Tests.EditMode.Adapters.FacialProfileMapperTests.ToProfile_WhitespaceJsonFilePath_ThrowsArgumentException" methodname="ToProfile_WhitespaceJsonFilePath_ThrowsArgumentException" classname="Hidano.FacialControl.Tests.EditMode.Adapters.FacialProfileMapperTests" runstate="Runnable" seed="1001034489" result="Passed" start-time="2026-04-21 06:26:32Z" end-time="2026-04-21 06:26:32Z" duration="0.000283" asserts="0">
                    <properties>
                      <property name="retryIteration" value="0" />
                      <property name="repeatIteration" value="0" />
                    </properties>
                  </test-case>
                  <test-case id="1697" name="UpdateSO_DoesNotModifyJsonFilePath" fullname="Hidano.FacialControl.Tests.EditMode.Adapters.FacialProfileMapperTests.UpdateSO_DoesNotModifyJsonFilePath" methodname="UpdateSO_DoesNotModifyJsonFilePath" classname="Hidano.FacialControl.Tests.EditMode.Adapters.FacialProfileMapperTests" runstate="Runnable" seed="1353812537" result="Passed" start-time="2026-04-21 06:26:32Z" end-time="2026-04-21 06:26:32Z" duration="0.000220" asserts="0">
                    <properties>
                      <property name="retryIteration" value="0" />
                      <property name="repeatIteration" value="0" />
                    </properties>
                  </test-case>
                  <test-case id="1695" name="UpdateSO_EmptyProfile_SetsZeroCounts" fullname="Hidano.FacialControl.Tests.EditMode.Adapters.FacialProfileMapperTests.UpdateSO_EmptyProfile_SetsZeroCounts" methodname="UpdateSO_EmptyProfile_SetsZeroCounts" classname="Hidano.FacialControl.Tests.EditMode.Adapters.FacialProfileMapperTests" runstate="Runnable" seed="244279219" result="Passed" start-time="2026-04-21 06:26:32Z" end-time="2026-04-21 06:26:32Z" duration="0.000236" asserts="0">
                    <properties>
                      <property name="retryIteration" value="0" />
                      <property name="repeatIteration" value="0" />
                    </properties>
                  </test-case>
                  <test-case id="1696" name="UpdateSO_NullSO_ThrowsArgumentNullException" fullname="Hidano.FacialControl.Tests.EditMode.Adapters.FacialProfileMapperTests.UpdateSO_NullSO_ThrowsArgumentNullException" methodname="UpdateSO_NullSO_ThrowsArgumentNullException" classname="Hidano.FacialControl.Tests.EditMode.Adapters.FacialProfileMapperTests" runstate="Runnable" seed="600211230" result="Passed" start-time="2026-04-21 06:26:32Z" end-time="2026-04-21 06:26:32Z" duration="0.000270" asserts="0">
                    <properties>
                      <property name="retryIteration" value="0" />
                      <property name="repeatIteration" value="0" />
                    </properties>
                  </test-case>
                  <test-case id="1708" name="UpdateSO_ProfileWithEmptyRendererPaths_SetsEmptyArray" fullname="Hidano.FacialControl.Tests.EditMode.Adapters.FacialProfileMapperTests.UpdateSO_ProfileWithEmptyRendererPaths_SetsEmptyArray" methodname="UpdateSO_ProfileWithEmptyRendererPaths_SetsEmptyArray" classname="Hidano.FacialControl.Tests.EditMode.Adapters.FacialProfileMapperTests" runstate="Runnable" seed="709692087" result="Passed" start-time="2026-04-21 06:26:32Z" end-time="2026-04-21 06:26:32Z" duration="0.000242" asserts="0">
                    <properties>
                      <property name="retryIteration" value="0" />
                      <property name="repeatIteration" value="0" />
                    </properties>
                  </test-case>
                  <test-case id="1707" name="UpdateSO_ProfileWithRendererPaths_SyncsRendererPathsToSO" fullname="Hidano.FacialControl.Tests.EditMode.Adapters.FacialProfileMapperTests.UpdateSO_ProfileWithRendererPaths_SyncsRendererPathsToSO" methodname="UpdateSO_ProfileWithRendererPaths_SyncsRendererPathsToSO" classname="Hidano.FacialControl.Tests.EditMode.Adapters.FacialProfileMapperTests" runstate="Runnable" seed="1676121249" result="Passed" start-time="2026-04-21 06:26:32Z" end-time="2026-04-21 06:26:32Z" duration="0.000295" asserts="0">
                    <properties>
                      <property name="retryIteration" value="0" />
                      <property name="repeatIteration" value="0" />
                    </properties>
                  </test-case>
                  <test-case id="1694" name="UpdateSO_ValidProfile_UpdatesExpressionCount" fullname="Hidano.FacialControl.Tests.EditMode.Adapters.FacialProfileMapperTests.UpdateSO_ValidProfile_UpdatesExpressionCount" methodname="UpdateSO_ValidProfile_UpdatesExpressionCount" classname="Hidano.FacialControl.Tests.EditMode.Adapters.FacialProfileMapperTests" runstate="Runnable" seed="1936833856" result="Passed" start-time="2026-04-21 06:26:32Z" end-time="2026-04-21 06:26:32Z" duration="0.000239" asserts="0">
                    <properties>
                      <property name="retryIteration" value="0" />
                      <property name="repeatIteration" value="0" />
                    </properties>
                  </test-case>
                  <test-case id="1693" name="UpdateSO_ValidProfile_UpdatesLayerCount" fullname="Hidano.FacialControl.Tests.EditMode.Adapters.FacialProfileMapperTests.UpdateSO_ValidProfile_UpdatesLayerCount" methodname="UpdateSO_ValidProfile_UpdatesLayerCount" classname="Hidano.FacialControl.Tests.EditMode.Adapters.FacialProfileMapperTests" runstate="Runnable" seed="1005659868" result="Passed" start-time="2026-04-21 06:26:32Z" end-time="2026-04-21 06:26:32Z" duration="0.000242" asserts="0">
                    <properties>
                      <property name="retryIteration" value="0" />
                      <property name="repeatIteration" value="0" />
                    </properties>
                  </test-case>
                  <test-case id="1692" name="UpdateSO_ValidProfile_UpdatesSchemaVersion" fullname="Hidano.FacialControl.Tests.EditMode.Adapters.FacialProfileMapperTests.UpdateSO_ValidProfile_UpdatesSchemaVersion" methodname="UpdateSO_ValidProfile_UpdatesSchemaVersion" classname="Hidano.FacialControl.Tests.EditMode.Adapters.FacialProfileMapperTests" runstate="Runnable" seed="2084084394" result="Passed" start-time="2026-04-21 06:26:32Z" end-time="2026-04-21 06:26:32Z" duration="0.000230" asserts="0">
                    <properties>
                      <property name="retryIteration" value="0" />
                      <property name="repeatIteration" value="0" />
                    </properties>
                  </test-case>
                </test-suite>
                <test-suite type="TestFixture" id="1711" name="FileProfileRepositoryTests" fullname="Hidano.FacialControl.Tests.EditMode.Adapters.FileProfileRepositoryTests" classname="Hidano.FacialControl.Tests.EditMode.Adapters.FileProfileRepositoryTests" runstate="Runnable" testcasecount="21" result="Passed" start-time="2026-04-21 06:26:32Z" end-time="2026-04-21 06:26:32Z" duration="0.037081" total="21" passed="21" failed="0" inconclusive="0" skipped="0" asserts="0">
                  <properties />
                  <test-case id="1712" name="Constructor_NullParser_ThrowsArgumentNullException" fullname="Hidano.FacialControl.Tests.EditMode.Adapters.FileProfileRepositoryTests.Constructor_NullParser_ThrowsArgumentNullException" methodname="Constructor_NullParser_ThrowsArgumentNullException" classname="Hidano.FacialControl.Tests.EditMode.Adapters.FileProfileRepositoryTests" runstate="Runnable" seed="113980164" result="Passed" start-time="2026-04-21 06:26:32Z" end-time="2026-04-21 06:26:32Z" duration="0.004621" asserts="0">
                    <properties>
                      <property name="retryIteration" value="0" />
                      <property name="repeatIteration" value="0" />
                    </properties>
                  </test-case>
                  <test-case id="1713" name="Constructor_ValidParser_CreatesInstance" fullname="Hidano.FacialControl.Tests.EditMode.Adapters.FileProfileRepositoryTests.Constructor_ValidParser_CreatesInstance" methodname="Constructor_ValidParser_CreatesInstance" classname="Hidano.FacialControl.Tests.EditMode.Adapters.FileProfileRepositoryTests" runstate="Runnable" seed="869144131" result="Passed" start-time="2026-04-21 06:26:32Z" end-time="2026-04-21 06:26:32Z" duration="0.000733" asserts="0">
                    <properties>
                      <property name="retryIteration" value="0" />
                      <property name="repeatIteration" value="0" />
                    </properties>
                  </test-case>
                  <test-case id="1716" name="LoadProfile_EmptyPath_ThrowsArgumentException" fullname="Hidano.FacialControl.Tests.EditMode.Adapters.FileProfileRepositoryTests.LoadProfile_EmptyPath_ThrowsArgumentException" methodname="LoadProfile_EmptyPath_ThrowsArgumentException" classname="Hidano.FacialControl.Tests.EditMode.Adapters.FileProfileRepositoryTests" runstate="Runnable" seed="1229481720" result="Passed" start-time="2026-04-21 06:26:32Z" end-time="2026-04-21 06:26:32Z" duration="0.000826" asserts="0">
                    <properties>
                      <property name="retryIteration" value="0" />
                      <property name="repeatIteration" value="0" />
                    </properties>
                  </test-case>
                  <test-case id="1722" name="LoadProfile_JapaneseFilePath_ReadsCorrectly" fullname="Hidano.FacialControl.Tests.EditMode.Adapters.FileProfileRepositoryTests.LoadProfile_JapaneseFilePath_ReadsCorrectly" methodname="LoadProfile_JapaneseFilePath_ReadsCorrectly" classname="Hidano.FacialControl.Tests.EditMode.Adapters.FileProfileRepositoryTests" runstate="Runnable" seed="50490514" result="Passed" start-time="2026-04-21 06:26:32Z" end-time="2026-04-21 06:26:32Z" duration="0.003382" asserts="0">
                    <properties>
                      <property name="retryIteration" value="0" />
                      <property name="repeatIteration" value="0" />
                    </properties>
                  </test-case>
                  <test-case id="1718" name="LoadProfile_NonExistentFile_ThrowsFileNotFoundException" fullname="Hidano.FacialControl.Tests.EditMode.Adapters.FileProfileRepositoryTests.LoadProfile_NonExistentFile_ThrowsFileNotFoundException" methodname="LoadProfile_NonExistentFile_ThrowsFileNotFoundException" classname="Hidano.FacialControl.Tests.EditMode.Adapters.FileProfileRepositoryTests" runstate="Runnable" seed="1529137865" result="Passed" start-time="2026-04-21 06:26:32Z" end-time="2026-04-21 06:26:32Z" duration="0.000799" asserts="0">
                    <properties>
                      <property name="retryIteration" value="0" />
                      <property name="repeatIteration" value="0" />
                    </properties>
                  </test-case>
                  <test-case id="1715" name="LoadProfile_NullPath_ThrowsArgumentNullException" fullname="Hidano.FacialControl.Tests.EditMode.Adapters.FileProfileRepositoryTests.LoadProfile_NullPath_ThrowsArgumentNullException" methodname="LoadProfile_NullPath_ThrowsArgumentNullException" classname="Hidano.FacialControl.Tests.EditMode.Adapters.FileProfileRepositoryTests" runstate="Runnable" seed="1952290614" result="Passed" start-time="2026-04-21 06:26:32Z" end-time="2026-04-21 06:26:32Z" duration="0.000732" asserts="0">
                    <properties>
                      <property name="retryIteration" value="0" />
                      <property name="repeatIteration" value="0" />
                    </properties>
                  </test-case>
                  <test-case id="1720" name="LoadProfile_ParserThrows_PropagatesException" fullname="Hidano.FacialControl.Tests.EditMode.Adapters.FileProfileRepositoryTests.LoadProfile_ParserThrows_PropagatesException" methodname="LoadProfile_ParserThrows_PropagatesException" classname="Hidano.FacialControl.Tests.EditMode.Adapters.FileProfileRepositoryTests" runstate="Runnable" seed="1145091573" result="Passed" start-time="2026-04-21 06:26:32Z" end-time="2026-04-21 06:26:32Z" duration="0.001830" asserts="0">
                    <properties>
                      <property name="retryIteration" value="0" />
                      <property name="repeatIteration" value="0" />
                    </properties>
                  </test-case>
                  <test-case id="1719" name="LoadProfile_PassesFileContentToParser" fullname="Hidano.FacialControl.Tests.EditMode.Adapters.FileProfileRepositoryTests.LoadProfile_PassesFileContentToParser" methodname="LoadProfile_PassesFileContentToParser" classname="Hidano.FacialControl.Tests.EditMode.Adapters.FileProfileRepositoryTests" runstate="Runnable" seed="1887316336" result="Passed" start-time="2026-04-21 06:26:32Z" end-time="2026-04-21 06:26:32Z" duration="0.001815" asserts="0">
                    <properties>
                      <property name="retryIteration" value="0" />
                      <property name="repeatIteration" value="0" />
                    </properties>
                  </test-case>
                  <test-case id="1721" name="LoadProfile_Utf8Content_ReadsCorrectly" fullname="Hidano.FacialControl.Tests.EditMode.Adapters.FileProfileRepositoryTests.LoadProfile_Utf8Content_ReadsCorrectly" methodname="LoadProfile_Utf8Content_ReadsCorrectly" classname="Hidano.FacialControl.Tests.EditMode.Adapters.FileProfileRepositoryTests" runstate="Runnable" seed="2040465762" result="Passed" start-time="2026-04-21 06:26:32Z" end-time="2026-04-21 06:26:32Z" duration="0.002058" asserts="0">
                    <properties>
                      <property name="retryIteration" value="0" />
                      <property name="repeatIteration" value="0" />
                    </properties>
                  </test-case>
                  <test-case id="1714" name="LoadProfile_ValidFile_ReturnsProfile" fullname="Hidano.FacialControl.Tests.EditMode.Adapters.FileProfileRepositoryTests.LoadProfile_ValidFile_ReturnsProfile" methodname="LoadProfile_ValidFile_ReturnsProfile" classname="Hidano.FacialControl.Tests.EditMode.Adapters.FileProfileRepositoryTests" runstate="Runnable" seed="324418798" result="Passed" start-time="2026-04-21 06:26:32Z" end-time="2026-04-21 06:26:32Z" duration="0.001676" asserts="0">
                    <properties>
                      <property name="retryIteration" value="0" />
                      <property name="repeatIteration" value="0" />
                    </properties>
                  </test-case>
                  <test-case id="1717" name="LoadProfile_WhitespacePath_ThrowsArgumentException" fullname="Hidano.FacialControl.Tests.EditMode.Adapters.FileProfileRepositoryTests.LoadProfile_WhitespacePath_ThrowsArgumentException" methodname="LoadProfile_WhitespacePath_ThrowsArgumentException" classname="Hidano.FacialControl.Tests.EditMode.Adapters.FileProfileRepositoryTests" runstate="Runnable" seed="1026166795" result="Passed" start-time="2026-04-21 06:26:32Z" end-time="2026-04-21 06:26:32Z" duration="0.000713" asserts="0">
                    <properties>
                      <property name="retryIteration" value="0" />
                      <property name="repeatIteration" value="0" />
                    </properties>
                  </test-case>
                  <test-case id="1732" name="RoundTrip_SaveThenLoad_PreservesProfile" fullname="Hidano.FacialControl.Tests.EditMode.Adapters.FileProfileRepositoryTests.RoundTrip_SaveThenLoad_PreservesProfile" methodname="RoundTrip_SaveThenLoad_PreservesProfile" classname="Hidano.FacialControl.Tests.EditMode.Adapters.FileProfileRepositoryTests" runstate="Runnable" seed="1647274162" result="Passed" start-time="2026-04-21 06:26:32Z" end-time="2026-04-21 06:26:32Z" duration="0.001936" asserts="0">
                    <properties>
                      <property name="retryIteration" value="0" />
                      <property name="repeatIteration" value="0" />
                    </properties>
                  </test-case>
                  <test-case id="1727" name="SaveProfile_CreatesParentDirectories" fullname="Hidano.FacialControl.Tests.EditMode.Adapters.FileProfileRepositoryTests.SaveProfile_CreatesParentDirectories" methodname="SaveProfile_CreatesParentDirectories" classname="Hidano.FacialControl.Tests.EditMode.Adapters.FileProfileRepositoryTests" runstate="Runnable" seed="2018095949" result="Passed" start-time="2026-04-21 06:26:32Z" end-time="2026-04-21 06:26:32Z" duration="0.001667" asserts="0">
                    <properties>
                      <property name="retryIteration" value="0" />
                      <property name="repeatIteration" value="0" />
                    </properties>
                  </test-case>
                  <test-case id="1725" name="SaveProfile_EmptyPath_ThrowsArgumentException" fullname="Hidano.FacialControl.Tests.EditMode.Adapters.FileProfileRepositoryTests.SaveProfile_EmptyPath_ThrowsArgumentException" methodname="SaveProfile_EmptyPath_ThrowsArgumentException" classname="Hidano.FacialControl.Tests.EditMode.Adapters.FileProfileRepositoryTests" runstate="Runnable" seed="729603288" result="Passed" start-time="2026-04-21 06:26:32Z" end-time="2026-04-21 06:26:32Z" duration="0.000871" asserts="0">
                    <properties>
                      <property name="retryIteration" value="0" />
                      <property name="repeatIteration" value="0" />
                    </properties>
                  </test-case>
                  <test-case id="1731" name="SaveProfile_JapaneseFilePath_WritesCorrectly" fullname="Hidano.FacialControl.Tests.EditMode.Adapters.FileProfileRepositoryTests.SaveProfile_JapaneseFilePath_WritesCorrectly" methodname="SaveProfile_JapaneseFilePath_WritesCorrectly" classname="Hidano.FacialControl.Tests.EditMode.Adapters.FileProfileRepositoryTests" runstate="Runnable" seed="1996251912" result="Passed" start-time="2026-04-21 06:26:32Z" end-time="2026-04-21 06:26:32Z" duration="0.001405" asserts="0">
                    <properties>
                      <property name="retryIteration" value="0" />
                      <property name="repeatIteration" value="0" />
                    </properties>
                  </test-case>
                  <test-case id="1724" name="SaveProfile_NullPath_ThrowsArgumentNullException" fullname="Hidano.FacialControl.Tests.EditMode.Adapters.FileProfileRepositoryTests.SaveProfile_NullPath_ThrowsArgumentNullException" methodname="SaveProfile_NullPath_ThrowsArgumentNullException" classname="Hidano.FacialControl.Tests.EditMode.Adapters.FileProfileRepositoryTests" runstate="Runnable" seed="1805467227" result="Passed" start-time="2026-04-21 06:26:32Z" end-time="2026-04-21 06:26:32Z" duration="0.000791" asserts="0">
                    <properties>
                      <property name="retryIteration" value="0" />
                      <property name="repeatIteration" value="0" />
                    </properties>
                  </test-case>
                  <test-case id="1728" name="SaveProfile_OverwritesExistingFile" fullname="Hidano.FacialControl.Tests.EditMode.Adapters.FileProfileRepositoryTests.SaveProfile_OverwritesExistingFile" methodname="SaveProfile_OverwritesExistingFile" classname="Hidano.FacialControl.Tests.EditMode.Adapters.FileProfileRepositoryTests" runstate="Runnable" seed="1777746021" result="Passed" start-time="2026-04-21 06:26:32Z" end-time="2026-04-21 06:26:32Z" duration="0.002048" asserts="0">
                    <properties>
                      <property name="retryIteration" value="0" />
                      <property name="repeatIteration" value="0" />
                    </properties>
                  </test-case>
                  <test-case id="1729" name="SaveProfile_SerializerThrows_PropagatesException" fullname="Hidano.FacialControl.Tests.EditMode.Adapters.FileProfileRepositoryTests.SaveProfile_SerializerThrows_PropagatesException" methodname="SaveProfile_SerializerThrows_PropagatesException" classname="Hidano.FacialControl.Tests.EditMode.Adapters.FileProfileRepositoryTests" runstate="Runnable" seed="1127070674" result="Passed" start-time="2026-04-21 06:26:32Z" end-time="2026-04-21 06:26:32Z" duration="0.000799" asserts="0">
                    <properties>
                      <property name="retryIteration" value="0" />
                      <property name="repeatIteration" value="0" />
                    </properties>
                  </test-case>
                  <test-case id="1730" name="SaveProfile_Utf8Encoding_WritesCorrectly" fullname="Hidano.FacialControl.Tests.EditMode.Adapters.FileProfileRepositoryTests.SaveProfile_Utf8Encoding_WritesCorrectly" methodname="SaveProfile_Utf8Encoding_WritesCorrectly" classname="Hidano.FacialControl.Tests.EditMode.Adapters.FileProfileRepositoryTests" runstate="Runnable" seed="110897738" result="Passed" start-time="2026-04-21 06:26:32Z" end-time="2026-04-21 06:26:32Z" duration="0.001541" asserts="0">
                    <properties>
                      <property name="retryIteration" value="0" />
                      <property name="repeatIteration" value="0" />
                    </properties>
                  </test-case>
                  <test-case id="1723" name="SaveProfile_ValidPathAndProfile_WritesFile" fullname="Hidano.FacialControl.Tests.EditMode.Adapters.FileProfileRepositoryTests.SaveProfile_ValidPathAndProfile_WritesFile" methodname="SaveProfile_ValidPathAndProfile_WritesFile" classname="Hidano.FacialControl.Tests.EditMode.Adapters.FileProfileRepositoryTests" runstate="Runnable" seed="267196185" result="Passed" start-time="2026-04-21 06:26:32Z" end-time="2026-04-21 06:26:32Z" duration="0.001639" asserts="0">
                    <properties>
                      <property name="retryIteration" value="0" />
                      <property name="repeatIteration" value="0" />
                    </properties>
                  </test-case>
                  <test-case id="1726" name="SaveProfile_WhitespacePath_ThrowsArgumentException" fullname="Hidano.FacialControl.Tests.EditMode.Adapters.FileProfileRepositoryTests.SaveProfile_WhitespacePath_ThrowsArgumentException" methodname="SaveProfile_WhitespacePath_ThrowsArgumentException" classname="Hidano.FacialControl.Tests.EditMode.Adapters.FileProfileRepositoryTests" runstate="Runnable" seed="21169545" result="Passed" start-time="2026-04-21 06:26:32Z" end-time="2026-04-21 06:26:32Z" duration="0.000833" asserts="0">
                    <properties>
                      <property name="retryIteration" value="0" />
                      <property name="repeatIteration" value="0" />
                    </properties>
                  </test-case>
                </test-suite>
                <test-suite type="TestFixture" id="1733" name="InputBindingProfileSOTests" fullname="Hidano.FacialControl.Tests.EditMode.Adapters.InputBindingProfileSOTests" classname="Hidano.FacialControl.Tests.EditMode.Adapters.InputBindingProfileSOTests" runstate="Runnable" testcasecount="7" result="Passed" start-time="2026-04-21 06:26:32Z" end-time="2026-04-21 06:26:32Z" duration="0.010410" total="7" passed="7" failed="0" inconclusive="0" skipped="0" asserts="0">
                  <properties />
                  <test-case id="1734" name="GetBindings_ActionAssetIsNull_ReturnsEmptyList" fullname="Hidano.FacialControl.Tests.EditMode.Adapters.InputBindingProfileSOTests.GetBindings_ActionAssetIsNull_ReturnsEmptyList" methodname="GetBindings_ActionAssetIsNull_ReturnsEmptyList" classname="Hidano.FacialControl.Tests.EditMode.Adapters.InputBindingProfileSOTests" runstate="Runnable" seed="2140459103" result="Passed" start-time="2026-04-21 06:26:32Z" end-time="2026-04-21 06:26:32Z" duration="0.000814" asserts="0">
                    <properties>
                      <property name="retryIteration" value="0" />
                      <property name="repeatIteration" value="0" />
                    </properties>
                  </test-case>
                  <test-case id="1736" name="GetBindings_WithSerializedEntries_PreservesActionNameAndExpressionId" fullname="Hidano.FacialControl.Tests.EditMode.Adapters.InputBindingProfileSOTests.GetBindings_WithSerializedEntries_PreservesActionNameAndExpressionId" methodname="GetBindings_WithSerializedEntries_PreservesActionNameAndExpressionId" classname="Hidano.FacialControl.Tests.EditMode.Adapters.InputBindingProfileSOTests" runstate="Runnable" seed="158299609" result="Passed" start-time="2026-04-21 06:26:32Z" end-time="2026-04-21 06:26:32Z" duration="0.002242" asserts="0">
                    <properties>
                      <property name="retryIteration" value="0" />
                      <property name="repeatIteration" value="0" />
                    </properties>
                  </test-case>
                  <test-case id="1735" name="GetBindings_WithSerializedEntries_ReturnsReadOnlyListOfInputBinding" fullname="Hidano.FacialControl.Tests.EditMode.Adapters.InputBindingProfileSOTests.GetBindings_WithSerializedEntries_ReturnsReadOnlyListOfInputBinding" methodname="GetBindings_WithSerializedEntries_ReturnsReadOnlyListOfInputBinding" classname="Hidano.FacialControl.Tests.EditMode.Adapters.InputBindingProfileSOTests" runstate="Runnable" seed="1290691678" result="Passed" start-time="2026-04-21 06:26:32Z" end-time="2026-04-21 06:26:32Z" duration="0.000421" asserts="0">
                    <properties>
                      <property name="retryIteration" value="0" />
                      <property name="repeatIteration" value="0" />
                    </properties>
                  </test-case>
                  <test-case id="1737" name="InputSourceCategory_DefaultOnFreshInstance_IsController" fullname="Hidano.FacialControl.Tests.EditMode.Adapters.InputBindingProfileSOTests.InputSourceCategory_DefaultOnFreshInstance_IsController" methodname="InputSourceCategory_DefaultOnFreshInstance_IsController" classname="Hidano.FacialControl.Tests.EditMode.Adapters.InputBindingProfileSOTests" runstate="Runnable" seed="761198722" result="Passed" start-time="2026-04-21 06:26:32Z" end-time="2026-04-21 06:26:32Z" duration="0.000230" asserts="0">
                    <properties>
                      <property name="retryIteration" value="0" />
                      <property name="repeatIteration" value="0" />
                    </properties>
                  </test-case>
                  <test-case id="1740" name="OnValidate_ControllerCategoryWithGamepadBindings_NoWarning" fullname="Hidano.FacialControl.Tests.EditMode.Adapters.InputBindingProfileSOTests.OnValidate_ControllerCategoryWithGamepadBindings_NoWarning" methodname="OnValidate_ControllerCategoryWithGamepadBindings_NoWarning" classname="Hidano.FacialControl.Tests.EditMode.Adapters.InputBindingProfileSOTests" runstate="Runnable" seed="701921266" result="Passed" start-time="2026-04-21 06:26:32Z" end-time="2026-04-21 06:26:32Z" duration="0.001868" asserts="0">
                    <properties>
                      <property name="retryIteration" value="0" />
                      <property name="repeatIteration" value="0" />
                    </properties>
                  </test-case>
                  <test-case id="1738" name="OnValidate_ControllerCategoryWithKeyboardOnlyBindings_EmitsWarning" fullname="Hidano.FacialControl.Tests.EditMode.Adapters.InputBindingProfileSOTests.OnValidate_ControllerCategoryWithKeyboardOnlyBindings_EmitsWarning" methodname="OnValidate_ControllerCategoryWithKeyboardOnlyBindings_EmitsWarning" classname="Hidano.FacialControl.Tests.EditMode.Adapters.InputBindingProfileSOTests" runstate="Runnable" seed="207386393" result="Passed" start-time="2026-04-21 06:26:32Z" end-time="2026-04-21 06:26:32Z" duration="0.002410" asserts="0">
                    <properties>
                      <property name="retryIteration" value="0" />
                      <property name="repeatIteration" value="0" />
                    </properties>
                    <output><![CDATA[InputBindingProfileSO '': InputSourceCategory が Controller に設定されていますが、ActionMap 'Expression' のバインディングはすべて Keyboard デバイスを参照しています。意図した設定か確認してください（Keyboard 用アダプタへ振り分けるには InputSourceCategory を Keyboard に変更してください）。
]]></output>
                  </test-case>
                  <test-case id="1739" name="OnValidate_KeyboardCategoryWithKeyboardOnlyBindings_NoWarning" fullname="Hidano.FacialControl.Tests.EditMode.Adapters.InputBindingProfileSOTests.OnValidate_KeyboardCategoryWithKeyboardOnlyBindings_NoWarning" methodname="OnValidate_KeyboardCategoryWithKeyboardOnlyBindings_NoWarning" classname="Hidano.FacialControl.Tests.EditMode.Adapters.InputBindingProfileSOTests" runstate="Runnable" seed="1424330611" result="Passed" start-time="2026-04-21 06:26:32Z" end-time="2026-04-21 06:26:32Z" duration="0.000346" asserts="0">
                    <properties>
                      <property name="retryIteration" value="0" />
                      <property name="repeatIteration" value="0" />
                    </properties>
                  </test-case>
                </test-suite>
                <test-suite type="TestSuite" id="2073" name="InputSources" fullname="Hidano.FacialControl.Tests.EditMode.Adapters.InputSources" runstate="Runnable" testcasecount="61" result="Passed" start-time="2026-04-21 06:26:32Z" end-time="2026-04-21 06:26:32Z" duration="0.039263" total="61" passed="61" failed="0" inconclusive="0" skipped="0" asserts="0">
                  <properties />
                  <test-suite type="TestFixture" id="1997" name="ControllerExpressionInputSourceTests" fullname="Hidano.FacialControl.Tests.EditMode.Adapters.InputSources.ControllerExpressionInputSourceTests" classname="Hidano.FacialControl.Tests.EditMode.Adapters.InputSources.ControllerExpressionInputSourceTests" runstate="Runnable" testcasecount="8" result="Passed" start-time="2026-04-21 06:26:32Z" end-time="2026-04-21 06:26:32Z" duration="0.006960" total="8" passed="8" failed="0" inconclusive="0" skipped="0" asserts="0">
                    <properties />
                    <test-case id="2001" name="BlendShapeCount_MatchesConstructorArgument" fullname="Hidano.FacialControl.Tests.EditMode.Adapters.InputSources.ControllerExpressionInputSourceTests.BlendShapeCount_MatchesConstructorArgument" methodname="BlendShapeCount_MatchesConstructorArgument" classname="Hidano.FacialControl.Tests.EditMode.Adapters.InputSources.ControllerExpressionInputSourceTests" runstate="Runnable" seed="585001746" result="Passed" start-time="2026-04-21 06:26:32Z" end-time="2026-04-21 06:26:32Z" duration="0.000833" asserts="0">
                      <properties>
                        <property name="retryIteration" value="0" />
                        <property name="repeatIteration" value="0" />
                      </properties>
                    </test-case>
                    <test-case id="2000" name="Category_IsController" fullname="Hidano.FacialControl.Tests.EditMode.Adapters.InputSources.ControllerExpressionInputSourceTests.Category_IsController" methodname="Category_IsController" classname="Hidano.FacialControl.Tests.EditMode.Adapters.InputSources.ControllerExpressionInputSourceTests" runstate="Runnable" seed="570753250" result="Passed" start-time="2026-04-21 06:26:32Z" end-time="2026-04-21 06:26:32Z" duration="0.000204" asserts="0">
                      <properties>
                        <property name="retryIteration" value="0" />
                        <property name="repeatIteration" value="0" />
                      </properties>
                    </test-case>
                    <test-case id="2003" name="FakeInputSystemAdapter_ControllerCategoryBinding_RoutesTriggerToAdapter" fullname="Hidano.FacialControl.Tests.EditMode.Adapters.InputSources.ControllerExpressionInputSourceTests.FakeInputSystemAdapter_ControllerCategoryBinding_RoutesTriggerToAdapter" methodname="FakeInputSystemAdapter_ControllerCategoryBinding_RoutesTriggerToAdapter" classname="Hidano.FacialControl.Tests.EditMode.Adapters.InputSources.ControllerExpressionInputSourceTests" runstate="Runnable" seed="45651160" result="Passed" start-time="2026-04-21 06:26:32Z" end-time="2026-04-21 06:26:32Z" duration="0.002278" asserts="0">
                      <properties>
                        <property name="retryIteration" value="0" />
[...]
                    <properties>
                      <property name="retryIteration" value="0" />
                      <property name="repeatIteration" value="0" />
                    </properties>
                  </test-case>
                  <test-case id="1053" name="EditLayerPriority_RoundTrip_PriorityUpdated" fullname="Hidano.FacialControl.Tests.EditMode.Editor.ProfileEditSaveTests.EditLayerPriority_RoundTrip_PriorityUpdated" methodname="EditLayerPriority_RoundTrip_PriorityUpdated" classname="Hidano.FacialControl.Tests.EditMode.Editor.ProfileEditSaveTests" runstate="Runnable" seed="488760367" result="Passed" start-time="2026-04-21 06:26:33Z" end-time="2026-04-21 06:26:33Z" duration="0.000379" asserts="0">
                    <properties>
                      <property name="retryIteration" value="0" />
                      <property name="repeatIteration" value="0" />
                    </properties>
                  </test-case>
                  <test-case id="1055" name="EditMultipleLayerFields_RoundTrip_AllFieldsUpdated" fullname="Hidano.FacialControl.Tests.EditMode.Editor.ProfileEditSaveTests.EditMultipleLayerFields_RoundTrip_AllFieldsUpdated" methodname="EditMultipleLayerFields_RoundTrip_AllFieldsUpdated" classname="Hidano.FacialControl.Tests.EditMode.Editor.ProfileEditSaveTests" runstate="Runnable" seed="1722526488" result="Passed" start-time="2026-04-21 06:26:33Z" end-time="2026-04-21 06:26:33Z" duration="0.000377" asserts="0">
                    <properties>
                      <property name="retryIteration" value="0" />
                      <property name="repeatIteration" value="0" />
                    </properties>
                  </test-case>
                  <test-case id="1066" name="EditProfile_RoundTrip_ExpressionCountMatches" fullname="Hidano.FacialControl.Tests.EditMode.Editor.ProfileEditSaveTests.EditProfile_RoundTrip_ExpressionCountMatches" methodname="EditProfile_RoundTrip_ExpressionCountMatches" classname="Hidano.FacialControl.Tests.EditMode.Editor.ProfileEditSaveTests" runstate="Runnable" seed="367441305" result="Passed" start-time="2026-04-21 06:26:33Z" end-time="2026-04-21 06:26:33Z" duration="0.000385" asserts="0">
                    <properties>
                      <property name="retryIteration" value="0" />
                      <property name="repeatIteration" value="0" />
                    </properties>
                  </test-case>
                  <test-case id="1065" name="EditProfile_RoundTrip_LayerCountMatches" fullname="Hidano.FacialControl.Tests.EditMode.Editor.ProfileEditSaveTests.EditProfile_RoundTrip_LayerCountMatches" methodname="EditProfile_RoundTrip_LayerCountMatches" classname="Hidano.FacialControl.Tests.EditMode.Editor.ProfileEditSaveTests" runstate="Runnable" seed="1394165980" result="Passed" start-time="2026-04-21 06:26:33Z" end-time="2026-04-21 06:26:33Z" duration="0.000388" asserts="0">
                    <properties>
                      <property name="retryIteration" value="0" />
                      <property name="repeatIteration" value="0" />
                    </properties>
                  </test-case>
                  <test-case id="1062" name="EditProfile_SchemaVersionPreserved" fullname="Hidano.FacialControl.Tests.EditMode.Editor.ProfileEditSaveTests.EditProfile_SchemaVersionPreserved" methodname="EditProfile_SchemaVersionPreserved" classname="Hidano.FacialControl.Tests.EditMode.Editor.ProfileEditSaveTests" runstate="Runnable" seed="372208631" result="Passed" start-time="2026-04-21 06:26:33Z" end-time="2026-04-21 06:26:33Z" duration="0.000483" asserts="0">
                    <properties>
                      <property name="retryIteration" value="0" />
                      <property name="repeatIteration" value="0" />
                    </properties>
                  </test-case>
                  <test-case id="1064" name="EditProfile_UnmodifiedExpressionsPreserved" fullname="Hidano.FacialControl.Tests.EditMode.Editor.ProfileEditSaveTests.EditProfile_UnmodifiedExpressionsPreserved" methodname="EditProfile_UnmodifiedExpressionsPreserved" classname="Hidano.FacialControl.Tests.EditMode.Editor.ProfileEditSaveTests" runstate="Runnable" seed="600254460" result="Passed" start-time="2026-04-21 06:26:33Z" end-time="2026-04-21 06:26:33Z" duration="0.000424" asserts="0">
                    <properties>
                      <property name="retryIteration" value="0" />
                      <property name="repeatIteration" value="0" />
                    </properties>
                  </test-case>
                  <test-case id="1063" name="EditProfile_UnmodifiedLayersPreserved" fullname="Hidano.FacialControl.Tests.EditMode.Editor.ProfileEditSaveTests.EditProfile_UnmodifiedLayersPreserved" methodname="EditProfile_UnmodifiedLayersPreserved" classname="Hidano.FacialControl.Tests.EditMode.Editor.ProfileEditSaveTests" runstate="Runnable" seed="1883282341" result="Passed" start-time="2026-04-21 06:26:33Z" end-time="2026-04-21 06:26:33Z" duration="0.000450" asserts="0">
                    <properties>
                      <property name="retryIteration" value="0" />
                      <property name="repeatIteration" value="0" />
                    </properties>
                  </test-case>
                </test-suite>
                <test-suite type="TestFixture" id="1067" name="ProfileRebuildBlendShapeWeightTests" fullname="Hidano.FacialControl.Tests.EditMode.Editor.ProfileRebuildBlendShapeWeightTests" classname="Hidano.FacialControl.Tests.EditMode.Editor.ProfileRebuildBlendShapeWeightTests" runstate="Runnable" testcasecount="10" result="Passed" start-time="2026-04-21 06:26:33Z" end-time="2026-04-21 06:26:33Z" duration="0.006200" total="10" passed="10" failed="0" inconclusive="0" skipped="0" asserts="0">
                  <properties />
                  <test-case id="1077" name="EditWeight_BoundaryOne_RoundTrip_ValueIsOne" fullname="Hidano.FacialControl.Tests.EditMode.Editor.ProfileRebuildBlendShapeWeightTests.EditWeight_BoundaryOne_RoundTrip_ValueIsOne" methodname="EditWeight_BoundaryOne_RoundTrip_ValueIsOne" classname="Hidano.FacialControl.Tests.EditMode.Editor.ProfileRebuildBlendShapeWeightTests" runstate="Runnable" seed="37562402" result="Passed" start-time="2026-04-21 06:26:33Z" end-time="2026-04-21 06:26:33Z" duration="0.000783" asserts="0">
                    <properties>
                      <property name="retryIteration" value="0" />
                      <property name="repeatIteration" value="0" />
                    </properties>
                  </test-case>
                  <test-case id="1076" name="EditWeight_BoundaryZero_RoundTrip_ValueIsZero" fullname="Hidano.FacialControl.Tests.EditMode.Editor.ProfileRebuildBlendShapeWeightTests.EditWeight_BoundaryZero_RoundTrip_ValueIsZero" methodname="EditWeight_BoundaryZero_RoundTrip_ValueIsZero" classname="Hidano.FacialControl.Tests.EditMode.Editor.ProfileRebuildBlendShapeWeightTests" runstate="Runnable" seed="519136503" result="Passed" start-time="2026-04-21 06:26:33Z" end-time="2026-04-21 06:26:33Z" duration="0.000392" asserts="0">
                    <properties>
                      <property name="retryIteration" value="0" />
                      <property name="repeatIteration" value="0" />
                    </properties>
                  </test-case>
                  <test-case id="1074" name="EditWeight_ExpressionMetadataPreserved" fullname="Hidano.FacialControl.Tests.EditMode.Editor.ProfileRebuildBlendShapeWeightTests.EditWeight_ExpressionMetadataPreserved" methodname="EditWeight_ExpressionMetadataPreserved" classname="Hidano.FacialControl.Tests.EditMode.Editor.ProfileRebuildBlendShapeWeightTests" runstate="Runnable" seed="467144219" result="Passed" start-time="2026-04-21 06:26:33Z" end-time="2026-04-21 06:26:33Z" duration="0.000383" asserts="0">
                    <properties>
                      <property name="retryIteration" value="0" />
                      <property name="repeatIteration" value="0" />
                    </properties>
                  </test-case>
                  <test-case id="1069" name="EditWeight_MultipleValues_RoundTrip_AllValuesUpdated" fullname="Hidano.FacialControl.Tests.EditMode.Editor.ProfileRebuildBlendShapeWeightTests.EditWeight_MultipleValues_RoundTrip_AllValuesUpdated" methodname="EditWeight_MultipleValues_RoundTrip_AllValuesUpdated" classname="Hidano.FacialControl.Tests.EditMode.Editor.ProfileRebuildBlendShapeWeightTests" runstate="Runnable" seed="1050988840" result="Passed" start-time="2026-04-21 06:26:33Z" end-time="2026-04-21 06:26:33Z" duration="0.000407" asserts="0">
                    <properties>
                      <property name="retryIteration" value="0" />
                      <property name="repeatIteration" value="0" />
                    </properties>
                  </test-case>
                  <test-case id="1070" name="EditWeight_NamesPreserved" fullname="Hidano.FacialControl.Tests.EditMode.Editor.ProfileRebuildBlendShapeWeightTests.EditWeight_NamesPreserved" methodname="EditWeight_NamesPreserved" classname="Hidano.FacialControl.Tests.EditMode.Editor.ProfileRebuildBlendShapeWeightTests" runstate="Runnable" seed="1147444630" result="Passed" start-time="2026-04-21 06:26:33Z" end-time="2026-04-21 06:26:33Z" duration="0.000387" asserts="0">
                    <properties>
                      <property name="retryIteration" value="0" />
                      <property name="repeatIteration" value="0" />
                    </properties>
                  </test-case>
                  <test-case id="1071" name="EditWeight_NegativeValue_ClampedToZero" fullname="Hidano.FacialControl.Tests.EditMode.Editor.ProfileRebuildBlendShapeWeightTests.EditWeight_NegativeValue_ClampedToZero" methodname="EditWeight_NegativeValue_ClampedToZero" classname="Hidano.FacialControl.Tests.EditMode.Editor.ProfileRebuildBlendShapeWeightTests" runstate="Runnable" seed="1105866118" result="Passed" start-time="2026-04-21 06:26:33Z" end-time="2026-04-21 06:26:33Z" duration="0.000383" asserts="0">
                    <properties>
                      <property name="retryIteration" value="0" />
                      <property name="repeatIteration" value="0" />
                    </properties>
                  </test-case>
                  <test-case id="1073" name="EditWeight_OtherExpressionUnchanged" fullname="Hidano.FacialControl.Tests.EditMode.Editor.ProfileRebuildBlendShapeWeightTests.EditWeight_OtherExpressionUnchanged" methodname="EditWeight_OtherExpressionUnchanged" classname="Hidano.FacialControl.Tests.EditMode.Editor.ProfileRebuildBlendShapeWeightTests" runstate="Runnable" seed="1218209705" result="Passed" start-time="2026-04-21 06:26:33Z" end-time="2026-04-21 06:26:33Z" duration="0.000423" asserts="0">
                    <properties>
                      <property name="retryIteration" value="0" />
                      <property name="repeatIteration" value="0" />
                    </properties>
                  </test-case>
                  <test-case id="1075" name="EditWeight_SecondExpression_RoundTrip_ValueUpdated" fullname="Hidano.FacialControl.Tests.EditMode.Editor.ProfileRebuildBlendShapeWeightTests.EditWeight_SecondExpression_RoundTrip_ValueUpdated" methodname="EditWeight_SecondExpression_RoundTrip_ValueUpdated" classname="Hidano.FacialControl.Tests.EditMode.Editor.ProfileRebuildBlendShapeWeightTests" runstate="Runnable" seed="1857453952" result="Passed" start-time="2026-04-21 06:26:33Z" end-time="2026-04-21 06:26:33Z" duration="0.000377" asserts="0">
                    <properties>
                      <property name="retryIteration" value="0" />
                      <property name="repeatIteration" value="0" />
                    </properties>
                  </test-case>
                  <test-case id="1068" name="EditWeight_SingleValue_RoundTrip_ValueUpdated" fullname="Hidano.FacialControl.Tests.EditMode.Editor.ProfileRebuildBlendShapeWeightTests.EditWeight_SingleValue_RoundTrip_ValueUpdated" methodname="EditWeight_SingleValue_RoundTrip_ValueUpdated" classname="Hidano.FacialControl.Tests.EditMode.Editor.ProfileRebuildBlendShapeWeightTests" runstate="Runnable" seed="2055176032" result="Passed" start-time="2026-04-21 06:26:33Z" end-time="2026-04-21 06:26:33Z" duration="0.000383" asserts="0">
                    <properties>
                      <property name="retryIteration" value="0" />
                      <property name="repeatIteration" value="0" />
                    </properties>
                  </test-case>
                  <test-case id="1072" name="EditWeight_ValueOverOne_ClampedToOne" fullname="Hidano.FacialControl.Tests.EditMode.Editor.ProfileRebuildBlendShapeWeightTests.EditWeight_ValueOverOne_ClampedToOne" methodname="EditWeight_ValueOverOne_ClampedToOne" classname="Hidano.FacialControl.Tests.EditMode.Editor.ProfileRebuildBlendShapeWeightTests" runstate="Runnable" seed="2131895226" result="Passed" start-time="2026-04-21 06:26:33Z" end-time="2026-04-21 06:26:33Z" duration="0.000356" asserts="0">
                    <properties>
                      <property name="retryIteration" value="0" />
                      <property name="repeatIteration" value="0" />
                    </properties>
                  </test-case>
                </test-suite>
                <test-suite type="TestFixture" id="1078" name="RendererPathsCacheUpdateTests" fullname="Hidano.FacialControl.Tests.EditMode.Editor.RendererPathsCacheUpdateTests" classname="Hidano.FacialControl.Tests.EditMode.Editor.RendererPathsCacheUpdateTests" runstate="Runnable" testcasecount="7" result="Passed" start-time="2026-04-21 06:26:33Z" end-time="2026-04-21 06:26:33Z" duration="0.004946" total="7" passed="7" failed="0" inconclusive="0" skipped="0" asserts="0">
                  <properties />
                  <test-case id="1084" name="RebuildWithPaths_EmptyArray_RoundTrip_EmptyPaths" fullname="Hidano.FacialControl.Tests.EditMode.Editor.RendererPathsCacheUpdateTests.RebuildWithPaths_EmptyArray_RoundTrip_EmptyPaths" methodname="RebuildWithPaths_EmptyArray_RoundTrip_EmptyPaths" classname="Hidano.FacialControl.Tests.EditMode.Editor.RendererPathsCacheUpdateTests" runstate="Runnable" seed="2038568343" result="Passed" start-time="2026-04-21 06:26:33Z" end-time="2026-04-21 06:26:33Z" duration="0.000611" asserts="0">
                    <properties>
                      <property name="retryIteration" value="0" />
                      <property name="repeatIteration" value="0" />
                    </properties>
                  </test-case>
                  <test-case id="1079" name="RebuildWithPaths_EmptyToNonEmpty_RoundTrip_PathsMatch" fullname="Hidano.FacialControl.Tests.EditMode.Editor.RendererPathsCacheUpdateTests.RebuildWithPaths_EmptyToNonEmpty_RoundTrip_PathsMatch" methodname="RebuildWithPaths_EmptyToNonEmpty_RoundTrip_PathsMatch" classname="Hidano.FacialControl.Tests.EditMode.Editor.RendererPathsCacheUpdateTests" runstate="Runnable" seed="634918976" result="Passed" start-time="2026-04-21 06:26:33Z" end-time="2026-04-21 06:26:33Z" duration="0.000562" asserts="0">
                    <properties>
                      <property name="retryIteration" value="0" />
                      <property name="repeatIteration" value="0" />
                    </properties>
                  </test-case>
                  <test-case id="1082" name="RebuildWithPaths_ExpressionsPreserved" fullname="Hidano.FacialControl.Tests.EditMode.Editor.RendererPathsCacheUpdateTests.RebuildWithPaths_ExpressionsPreserved" methodname="RebuildWithPaths_ExpressionsPreserved" classname="Hidano.FacialControl.Tests.EditMode.Editor.RendererPathsCacheUpdateTests" runstate="Runnable" seed="802688455" result="Passed" start-time="2026-04-21 06:26:33Z" end-time="2026-04-21 06:26:33Z" duration="0.000521" asserts="0">
                    <properties>
                      <property name="retryIteration" value="0" />
                      <property name="repeatIteration" value="0" />
                    </properties>
                  </test-case>
                  <test-case id="1081" name="RebuildWithPaths_LayersPreserved" fullname="Hidano.FacialControl.Tests.EditMode.Editor.RendererPathsCacheUpdateTests.RebuildWithPaths_LayersPreserved" methodname="RebuildWithPaths_LayersPreserved" classname="Hidano.FacialControl.Tests.EditMode.Editor.RendererPathsCacheUpdateTests" runstate="Runnable" seed="617946856" result="Passed" start-time="2026-04-21 06:26:33Z" end-time="2026-04-21 06:26:33Z" duration="0.000498" asserts="0">
                    <properties>
                      <property name="retryIteration" value="0" />
                      <property name="repeatIteration" value="0" />
                    </properties>
                  </test-case>
                  <test-case id="1080" name="RebuildWithPaths_NonEmptyToNonEmpty_RoundTrip_PathsUpdated" fullname="Hidano.FacialControl.Tests.EditMode.Editor.RendererPathsCacheUpdateTests.RebuildWithPaths_NonEmptyToNonEmpty_RoundTrip_PathsUpdated" methodname="RebuildWithPaths_NonEmptyToNonEmpty_RoundTrip_PathsUpdated" classname="Hidano.FacialControl.Tests.EditMode.Editor.RendererPathsCacheUpdateTests" runstate="Runnable" seed="559012385" result="Passed" start-time="2026-04-21 06:26:33Z" end-time="2026-04-21 06:26:33Z" duration="0.000410" asserts="0">
                    <properties>
                      <property name="retryIteration" value="0" />
                      <property name="repeatIteration" value="0" />
                    </properties>
                  </test-case>
                  <test-case id="1083" name="RebuildWithPaths_SchemaVersionPreserved" fullname="Hidano.FacialControl.Tests.EditMode.Editor.RendererPathsCacheUpdateTests.RebuildWithPaths_SchemaVersionPreserved" methodname="RebuildWithPaths_SchemaVersionPreserved" classname="Hidano.FacialControl.Tests.EditMode.Editor.RendererPathsCacheUpdateTests" runstate="Runnable" seed="1118066778" result="Passed" start-time="2026-04-21 06:26:33Z" end-time="2026-04-21 06:26:33Z" duration="0.000342" asserts="0">
                    <properties>
                      <property name="retryIteration" value="0" />
                      <property name="repeatIteration" value="0" />
                    </properties>
                  </test-case>
                  <test-case id="1085" name="RebuildWithPaths_SinglePath_RoundTrip_PathMatch" fullname="Hidano.FacialControl.Tests.EditMode.Editor.RendererPathsCacheUpdateTests.RebuildWithPaths_SinglePath_RoundTrip_PathMatch" methodname="RebuildWithPaths_SinglePath_RoundTrip_PathMatch" classname="Hidano.FacialControl.Tests.EditMode.Editor.RendererPathsCacheUpdateTests" runstate="Runnable" seed="823089300" result="Passed" start-time="2026-04-21 06:26:33Z" end-time="2026-04-21 06:26:33Z" duration="0.000400" asserts="0">
                    <properties>
                      <property name="retryIteration" value="0" />
                      <property name="repeatIteration" value="0" />
                    </properties>
                    <output><![CDATA[Saving results to: C:/Users/Hidano/AppData/LocalLow/DefaultCompany/FacialControl\TestResults.xml
]]></output>
                  </test-case>
                </test-suite>
              </test-suite>
            </test-suite>
          </test-suite>
        </test-suite>
      </test-suite>
    </test-suite>
  </test-suite>
</test-run>