<?xml version="1.0" encoding="utf-8"?>
<test-run id="2" testcasecount="1016" result="Passed" total="1016" passed="1016" failed="0" inconclusive="0" skipped="0" asserts="0" engine-version="3.5.0.0" clr-version="4.0.30319.42000" start-time="2026-04-21 07:23:20Z" end-time="2026-04-21 07:23:21Z" duration="0.9761696">
  <test-suite type="TestSuite" id="1000" name="FacialControl" fullname="FacialControl" runstate="Runnable" testcasecount="1016" result="Passed" start-time="2026-04-21 07:23:20Z" end-time="2026-04-21 07:23:21Z" duration="0.976170" total="1016" passed="1016" failed="0" inconclusive="0" skipped="0" asserts="0">
    <properties>
      <property name="platform" value="EditMode" />
    </properties>
    <test-suite type="Assembly" id="2073" name="Hidano.FacialControl.Tests.EditMode.dll" fullname="D:/Personal/Repositries/FacialControl/FacialControl/Library/ScriptAssemblies/Hidano.FacialControl.Tests.EditMode.dll" runstate="Runnable" testcasecount="1016" result="Passed" start-time="2026-04-21 07:23:20Z" end-time="2026-04-21 07:23:21Z" duration="0.968346" total="1016" passed="1016" failed="0" inconclusive="0" skipped="0" asserts="0">
      <properties>
        <property name="_PID" value="49080" />
        <property name="_APPDOMAIN" value="Unity Child Domain" />
        <property name="platform" value="EditMode" />
        <property name="EditorOnly" value="True" />
      </properties>
      <test-suite type="TestSuite" id="2074" name="Hidano" fullname="Hidano" runstate="Runnable" testcasecount="1016" result="Passed" start-time="2026-04-21 07:23:20Z" end-time="2026-04-21 07:23:21Z" duration="0.967690" total="1016" passed="1016" failed="0" inconclusive="0" skipped="0" asserts="0">
        <properties />
        <test-suite type="TestSuite" id="2075" name="FacialControl" fullname="Hidano.FacialControl" runstate="Runnable" testcasecount="1016" result="Passed" start-time="2026-04-21 07:23:20Z" end-time="2026-04-21 07:23:21Z" duration="0.967403" total="1016" passed="1016" failed="0" inconclusive="0" skipped="0" asserts="0">
          <properties />
          <test-suite type="TestSuite" id="2076" name="Tests" fullname="Hidano.FacialControl.Tests" runstate="Runnable" testcasecount="1016" result="Passed" start-time="2026-04-21 07:23:20Z" end-time="2026-04-21 07:23:21Z" duration="0.967208" total="1016" passed="1016" failed="0" inconclusive="0" skipped="0" asserts="0">
            <properties />
            <test-suite type="TestSuite" id="2077" name="EditMode" fullname="Hidano.FacialControl.Tests.EditMode" runstate="Runnable" testcasecount="1016" result="Passed" start-time="2026-04-21 07:23:20Z" end-time="2026-04-21 07:23:21Z" duration="0.966991" total="1016" passed="1016" failed="0" inconclusive="0" skipped="0" asserts="0">
              <properties />
              <test-suite type="TestSuite" id="2081" name="Adapters" fullname="Hidano.FacialControl.Tests.EditMode.Adapters" runstate="Runnable" testcasecount="409" result="Passed" start-time="2026-04-21 07:23:20Z" end-time="2026-04-21 07:23:21Z" duration="0.447318" total="409" passed="409" failed="0" inconclusive="0" skipped="0" asserts="0">
                <properties />
                <test-suite type="TestFixture" id="1643" name="AnimationClipCacheTests" fullname="Hidano.FacialControl.Tests.EditMode.Adapters.AnimationClipCacheTests" classname="Hidano.FacialControl.Tests.EditMode.Adapters.AnimationClipCacheTests" runstate="Runnable" testcasecount="23" result="Passed" start-time="2026-04-21 07:23:20Z" end-time="2026-04-21 07:23:20Z" duration="0.039518" total="23" passed="23" failed="0" inconclusive="0" skipped="0" asserts="0">
                  <properties />
                  <test-case id="1659" name="Clear_AfterClear_ReturnsNewClip" fullname="Hidano.FacialControl.Tests.EditMode.Adapters.AnimationClipCacheTests.Clear_AfterClear_ReturnsNewClip" methodname="Clear_AfterClear_ReturnsNewClip" classname="Hidano.FacialControl.Tests.EditMode.Adapters.AnimationClipCacheTests" runstate="Runnable" seed="860811723" result="Passed" start-time="2026-04-21 07:23:20Z" end-time="2026-04-21 07:23:20Z" duration="0.012914" asserts="0">
                    <properties>
                      <property name="retryIteration" value="0" />
                      <property name="repeatIteration" value="0" />
                    </properties>
                  </test-case>
                  <test-case id="1657" name="Clear_EmptyCache_DoesNotThrow" fullname="Hidano.FacialControl.Tests.EditMode.Adapters.AnimationClipCacheTests.Clear_EmptyCache_DoesNotThrow" methodname="Clear_EmptyCache_DoesNotThrow" classname="Hidano.FacialControl.Tests.EditMode.Adapters.AnimationClipCacheTests" runstate="Runnable" seed="1708042911" result="Passed" start-time="2026-04-21 07:23:20Z" end-time="2026-04-21 07:23:20Z" duration="0.000859" asserts="0">
                    <properties>
                      <property name="retryIteration" value="0" />
                      <property name="repeatIteration" value="0" />
                    </properties>
                  </test-case>
                  <test-case id="1658" name="Clear_WithEntries_ResetsCountToZero" fullname="Hidano.FacialControl.Tests.EditMode.Adapters.AnimationClipCacheTests.Clear_WithEntries_ResetsCountToZero" methodname="Clear_WithEntries_ResetsCountToZero" classname="Hidano.FacialControl.Tests.EditMode.Adapters.AnimationClipCacheTests" runstate="Runnable" seed="464802774" result="Passed" start-time="2026-04-21 07:23:20Z" end-time="2026-04-21 07:23:20Z" duration="0.003039" asserts="0">
                    <properties>
                      <property name="retryIteration" value="0" />
                      <property name="repeatIteration" value="0" />
                    </properties>
                  </test-case>
                  <test-case id="1645" name="Constructor_CustomCapacity_CreatesWithSpecifiedSize" fullname="Hidano.FacialControl.Tests.EditMode.Adapters.AnimationClipCacheTests.Constructor_CustomCapacity_CreatesWithSpecifiedSize" methodname="Constructor_CustomCapacity_CreatesWithSpecifiedSize" classname="Hidano.FacialControl.Tests.EditMode.Adapters.AnimationClipCacheTests" runstate="Runnable" seed="176668566" result="Passed" start-time="2026-04-21 07:23:20Z" end-time="2026-04-21 07:23:20Z" duration="0.000204" asserts="0">
                    <properties>
                      <property name="retryIteration" value="0" />
                      <property name="repeatIteration" value="0" />
                    </properties>
                  </test-case>
                  <test-case id="1644" name="Constructor_DefaultCapacity_Creates16EntryCache" fullname="Hidano.FacialControl.Tests.EditMode.Adapters.AnimationClipCacheTests.Constructor_DefaultCapacity_Creates16EntryCache" methodname="Constructor_DefaultCapacity_Creates16EntryCache" classname="Hidano.FacialControl.Tests.EditMode.Adapters.AnimationClipCacheTests" runstate="Runnable" seed="570655832" result="Passed" start-time="2026-04-21 07:23:20Z" end-time="2026-04-21 07:23:20Z" duration="0.000159" asserts="0">
                    <properties>
                      <property name="retryIteration" value="0" />
                      <property name="repeatIteration" value="0" />
                    </properties>
                  </test-case>
                  <test-case id="1647" name="Constructor_NegativeCapacity_ThrowsArgumentOutOfRangeException" fullname="Hidano.FacialControl.Tests.EditMode.Adapters.AnimationClipCacheTests.Constructor_NegativeCapacity_ThrowsArgumentOutOfRangeException" methodname="Constructor_NegativeCapacity_ThrowsArgumentOutOfRangeException" classname="Hidano.FacialControl.Tests.EditMode.Adapters.AnimationClipCacheTests" runstate="Runnable" seed="1565233819" result="Passed" start-time="2026-04-21 07:23:20Z" end-time="2026-04-21 07:23:20Z" duration="0.001726" asserts="0">
                    <properties>
                      <property name="retryIteration" value="0" />
                      <property name="repeatIteration" value="0" />
                    </properties>
                  </test-case>
                  <test-case id="1646" name="Constructor_ZeroCapacity_ThrowsArgumentOutOfRangeException" fullname="Hidano.FacialControl.Tests.EditMode.Adapters.AnimationClipCacheTests.Constructor_ZeroCapacity_ThrowsArgumentOutOfRangeException" methodname="Constructor_ZeroCapacity_ThrowsArgumentOutOfRangeException" classname="Hidano.FacialControl.Tests.EditMode.Adapters.AnimationClipCacheTests" runstate="Runnable" seed="474612744" result="Passed" start-time="2026-04-21 07:23:20Z" end-time="2026-04-21 07:23:20Z" duration="0.000234" asserts="0">
                    <properties>
                      <property name="retryIteration" value="0" />
                      <property name="repeatIteration" value="0" />
                    </properties>
                  </test-case>
                  <test-case id="1666" name="ContainsKey_AfterEviction_ReturnsFalse" fullname="Hidano.FacialControl.Tests.EditMode.Adapters.AnimationClipCacheTests.ContainsKey_AfterEviction_ReturnsFalse" methodname="ContainsKey_AfterEviction_ReturnsFalse" classname="Hidano.FacialControl.Tests.EditMode.Adapters.AnimationClipCacheTests" runstate="Runnable" seed="4195343" result="Passed" start-time="2026-04-21 07:23:20Z" end-time="2026-04-21 07:23:20Z" duration="0.001050" asserts="0">
                    <properties>
                      <property name="retryIteration" value="0" />
                      <property name="repeatIteration" value="0" />
                    </properties>
                  </test-case>
                  <test-case id="1664" name="ContainsKey_ExistingEntry_ReturnsTrue" fullname="Hidano.FacialControl.Tests.EditMode.Adapters.AnimationClipCacheTests.ContainsKey_ExistingEntry_ReturnsTrue" methodname="ContainsKey_ExistingEntry_ReturnsTrue" classname="Hidano.FacialControl.Tests.EditMode.Adapters.AnimationClipCacheTests" runstate="Runnable" seed="1367529969" result="Passed" start-time="2026-04-21 07:23:20Z" end-time="2026-04-21 07:23:20Z" duration="0.000261" asserts="0">
                    <properties>
                      <property name="retryIteration" value="0" />
                      <property name="repeatIteration" value="0" />
                    </properties>
                  </test-case>
                  <test-case id="1665" name="ContainsKey_NonExistingEntry_ReturnsFalse" fullname="Hidano.FacialControl.Tests.EditMode.Adapters.AnimationClipCacheTests.ContainsKey_NonExistingEntry_ReturnsFalse" methodname="ContainsKey_NonExistingEntry_ReturnsFalse" classname="Hidano.FacialControl.Tests.EditMode.Adapters.AnimationClipCacheTests" runstate="Runnable" seed="761020974" result="Passed" start-time="2026-04-21 07:23:20Z" end-time="2026-04-21 07:23:20Z" duration="0.000136" asserts="0">
                    <properties>
                      <property name="retryIteration" value="0" />
                      <property name="repeatIteration" value="0" />
                    </properties>
                  </test-case>
                  <test-case id="1661" name="Dispose_CalledTwice_DoesNotThrow" fullname="Hidano.FacialControl.Tests.EditMode.Adapters.AnimationClipCacheTests.Dispose_CalledTwice_DoesNotThrow" methodname="Dispose_CalledTwice_DoesNotThrow" classname="Hidano.FacialControl.Tests.EditMode.Adapters.AnimationClipCacheTests" runstate="Runnable" seed="493520333" result="Passed" start-time="2026-04-21 07:23:20Z" end-time="2026-04-21 07:23:20Z" duration="0.000243" asserts="0">
                    <properties>
                      <property name="retryIteration" value="0" />
                      <property name="repeatIteration" value="0" />
                    </properties>
                  </test-case>
                  <test-case id="1660" name="Dispose_DoesNotThrow" fullname="Hidano.FacialControl.Tests.EditMode.Adapters.AnimationClipCacheTests.Dispose_DoesNotThrow" methodname="Dispose_DoesNotThrow" classname="Hidano.FacialControl.Tests.EditMode.Adapters.AnimationClipCacheTests" runstate="Runnable" seed="1857343262" result="Passed" start-time="2026-04-21 07:23:20Z" end-time="2026-04-21 07:23:20Z" duration="0.000423" asserts="0">
                    <properties>
                      <property name="retryIteration" value="0" />
                      <property name="repeatIteration" value="0" />
                    </properties>
                  </test-case>
                  <test-case id="1654" name="GetOrCreate_AccessRefreshesLru_EvictsCorrectEntry" fullname="Hidano.FacialControl.Tests.EditMode.Adapters.AnimationClipCacheTests.GetOrCreate_AccessRefreshesLru_EvictsCorrectEntry" methodname="GetOrCreate_AccessRefreshesLru_EvictsCorrectEntry" classname="Hidano.FacialControl.Tests.EditMode.Adapters.AnimationClipCacheTests" runstate="Runnable" seed="1161813134" result="Passed" start-time="2026-04-21 07:23:20Z" end-time="2026-04-21 07:23:20Z" duration="0.000386" asserts="0">
                    <properties>
                      <property name="retryIteration" value="0" />
                      <property name="repeatIteration" value="0" />
                    </properties>
                  </test-case>
                  <test-case id="1652" name="GetOrCreate_CacheHit_DoesNotIncrementCount" fullname="Hidano.FacialControl.Tests.EditMode.Adapters.AnimationClipCacheTests.GetOrCreate_CacheHit_DoesNotIncrementCount" methodname="GetOrCreate_CacheHit_DoesNotIncrementCount" classname="Hidano.FacialControl.Tests.EditMode.Adapters.AnimationClipCacheTests" runstate="Runnable" seed="766350643" result="Passed" start-time="2026-04-21 07:23:20Z" end-time="2026-04-21 07:23:20Z" duration="0.000216" asserts="0">
                    <properties>
                      <property name="retryIteration" value="0" />
                      <property name="repeatIteration" value="0" />
                    </properties>
                  </test-case>
                  <test-case id="1649" name="GetOrCreate_CacheMiss_IncrementsCount" fullname="Hidano.FacialControl.Tests.EditMode.Adapters.AnimationClipCacheTests.GetOrCreate_CacheMiss_IncrementsCount" methodname="GetOrCreate_CacheMiss_IncrementsCount" classname="Hidano.FacialControl.Tests.EditMode.Adapters.AnimationClipCacheTests" runstate="Runnable" seed="1682438897" result="Passed" start-time="2026-04-21 07:23:20Z" end-time="2026-04-21 07:23:20Z" duration="0.000198" asserts="0">
                    <properties>
                      <property name="retryIteration" value="0" />
                      <property name="repeatIteration" value="0" />
                    </properties>
                  </test-case>
                  <test-case id="1655" name="GetOrCreate_CapacityOne_AlwaysReplacesEntry" fullname="Hidano.FacialControl.Tests.EditMode.Adapters.AnimationClipCacheTests.GetOrCreate_CapacityOne_AlwaysReplacesEntry" methodname="GetOrCreate_CapacityOne_AlwaysReplacesEntry" classname="Hidano.FacialControl.Tests.EditMode.Adapters.AnimationClipCacheTests" runstate="Runnable" seed="917218448" result="Passed" start-time="2026-04-21 07:23:20Z" end-time="2026-04-21 07:23:20Z" duration="0.000216" asserts="0">
                    <properties>
                      <property name="retryIteration" value="0" />
                      <property name="repeatIteration" value="0" />
                    </properties>
                  </test-case>
                  <test-case id="1650" name="GetOrCreate_DifferentIds_CreatesSeparateEntries" fullname="Hidano.FacialControl.Tests.EditMode.Adapters.AnimationClipCacheTests.GetOrCreate_DifferentIds_CreatesSeparateEntries" methodname="GetOrCreate_DifferentIds_CreatesSeparateEntries" classname="Hidano.FacialControl.Tests.EditMode.Adapters.AnimationClipCacheTests" runstate="Runnable" seed="1499700384" result="Passed" start-time="2026-04-21 07:23:20Z" end-time="2026-04-21 07:23:20Z" duration="0.000234" asserts="0">
                    <properties>
                      <property name="retryIteration" value="0" />
                      <property name="repeatIteration" value="0" />
                    </properties>
                  </test-case>
                  <test-case id="1656" name="GetOrCreate_EmptyBlendShapeValues_ReturnsClip" fullname="Hidano.FacialControl.Tests.EditMode.Adapters.AnimationClipCacheTests.GetOrCreate_EmptyBlendShapeValues_ReturnsClip" methodname="GetOrCreate_EmptyBlendShapeValues_ReturnsClip" classname="Hidano.FacialControl.Tests.EditMode.Adapters.AnimationClipCacheTests" runstate="Runnable" seed="183620891" result="Passed" start-time="2026-04-21 07:23:20Z" end-time="2026-04-21 07:23:20Z" duration="0.000582" asserts="0">
                    <properties>
                      <property name="retryIteration" value="0" />
                      <property name="repeatIteration" value="0" />
                    </properties>
                  </test-case>
                  <test-case id="1653" name="GetOrCreate_ExceedsCapacity_EvictsLeastRecentlyUsed" fullname="Hidano.FacialControl.Tests.EditMode.Adapters.AnimationClipCacheTests.GetOrCreate_ExceedsCapacity_EvictsLeastRecentlyUsed" methodname="GetOrCreate_ExceedsCapacity_EvictsLeastRecentlyUsed" classname="Hidano.FacialControl.Tests.EditMode.Adapters.AnimationClipCacheTests" runstate="Runnable" seed="1460862315" result="Passed" start-time="2026-04-21 07:23:20Z" end-time="2026-04-21 07:23:20Z" duration="0.000388" asserts="0">
                    <properties>
                      <property name="retryIteration" value="0" />
                      <property name="repeatIteration" value="0" />
                    </properties>
                  </test-case>
                  <test-case id="1648" name="GetOrCreate_FirstCall_ReturnsNonNullAnimationClip" fullname="Hidano.FacialControl.Tests.EditMode.Adapters.AnimationClipCacheTests.GetOrCreate_FirstCall_ReturnsNonNullAnimationClip" methodname="GetOrCreate_FirstCall_ReturnsNonNullAnimationClip" classname="Hidano.FacialControl.Tests.EditMode.Adapters.AnimationClipCacheTests" runstate="Runnable" seed="1870808945" result="Passed" start-time="2026-04-21 07:23:20Z" end-time="2026-04-21 07:23:20Z" duration="0.000457" asserts="0">
                    <properties>
                      <property name="retryIteration" value="0" />
                      <property name="repeatIteration" value="0" />
                    </properties>
                  </test-case>
                  <test-case id="1663" name="GetOrCreate_NullBlendShapeValues_ThrowsArgumentNullException" fullname="Hidano.FacialControl.Tests.EditMode.Adapters.AnimationClipCacheTests.GetOrCreate_NullBlendShapeValues_ThrowsArgumentNullException" methodname="GetOrCreate_NullBlendShapeValues_ThrowsArgumentNullException" classname="Hidano.FacialControl.Tests.EditMode.Adapters.AnimationClipCacheTests" runstate="Runnable" seed="1823092084" result="Passed" start-time="2026-04-21 07:23:20Z" end-time="2026-04-21 07:23:20Z" duration="0.000273" asserts="0">
                    <properties>
                      <property name="retryIteration" value="0" />
                      <property name="repeatIteration" value="0" />
                    </properties>
                  </test-case>
                  <test-case id="1662" name="GetOrCreate_NullExpressionId_ThrowsArgumentNullException" fullname="Hidano.FacialControl.Tests.EditMode.Adapters.AnimationClipCacheTests.GetOrCreate_NullExpressionId_ThrowsArgumentNullException" methodname="GetOrCreate_NullExpressionId_ThrowsArgumentNullException" classname="Hidano.FacialControl.Tests.EditMode.Adapters.AnimationClipCacheTests" runstate="Runnable" seed="1650062144" result="Passed" start-time="2026-04-21 07:23:20Z" end-time="2026-04-21 07:23:20Z" duration="0.000294" asserts="0">
                    <properties>
                      <property name="retryIteration" value="0" />
                      <property name="repeatIteration" value="0" />
                    </properties>
                  </test-case>
                  <test-case id="1651" name="GetOrCreate_SameId_ReturnsCachedClip" fullname="Hidano.FacialControl.Tests.EditMode.Adapters.AnimationClipCacheTests.GetOrCreate_SameId_ReturnsCachedClip" methodname="GetOrCreate_SameId_ReturnsCachedClip" classname="Hidano.FacialControl.Tests.EditMode.Adapters.AnimationClipCacheTests" runstate="Runnable" seed="288257283" result="Passed" start-time="2026-04-21 07:23:20Z" end-time="2026-04-21 07:23:20Z" duration="0.000273" asserts="0">
                    <properties>
                      <property name="retryIteration" value="0" />
                      <property name="repeatIteration" value="0" />
                    </properties>
                  </test-case>
                </test-suite>
                <test-suite type="TestFixture" id="1667" name="DefaultProfileTemplateTests" fullname="Hidano.FacialControl.Tests.EditMode.Adapters.DefaultProfileTemplateTests" classname="Hidano.FacialControl.Tests.EditMode.Adapters.DefaultProfileTemplateTests" runstate="Runnable" testcasecount="14" result="Passed" start-time="2026-04-21 07:23:20Z" end-time="2026-04-21 07:23:20Z" duration="0.016469" total="14" passed="14" failed="0" inconclusive="0" skipped="0" asserts="0">
                  <properties />
                  <test-case id="1678" name="ParseProfile_DefaultTemplate_AllLayerReferencesValid" fullname="Hidano.FacialControl.Tests.EditMode.Adapters.DefaultProfileTemplateTests.ParseProfile_DefaultTemplate_AllLayerReferencesValid" methodname="ParseProfile_DefaultTemplate_AllLayerReferencesValid" classname="Hidano.FacialControl.Tests.EditMode.Adapters.DefaultProfileTemplateTests" runstate="Runnable" seed="1330404025" result="Passed" start-time="2026-04-21 07:23:20Z" end-time="2026-04-21 07:23:20Z" duration="0.005425" asserts="0">
                    <properties>
                      <property name="retryIteration" value="0" />
                      <property name="repeatIteration" value="0" />
                    </properties>
                  </test-case>
                  <test-case id="1675" name="ParseProfile_DefaultTemplate_BlinkExpressionCorrect" fullname="Hidano.FacialControl.Tests.EditMode.Adapters.DefaultProfileTemplateTests.ParseProfile_DefaultTemplate_BlinkExpressionCorrect" methodname="ParseProfile_DefaultTemplate_BlinkExpressionCorrect" classname="Hidano.FacialControl.Tests.EditMode.Adapters.DefaultProfileTemplateTests" runstate="Runnable" seed="207444644" result="Passed" start-time="2026-04-21 07:23:20Z" end-time="2026-04-21 07:23:20Z" duration="0.001482" asserts="0">
                    <properties>
                      <property name="retryIteration" value="0" />
                      <property name="repeatIteration" value="0" />
                    </properties>
                  </test-case>
                  <test-case id="1674" name="ParseProfile_DefaultTemplate_DefaultExpressionCorrect" fullname="Hidano.FacialControl.Tests.EditMode.Adapters.DefaultProfileTemplateTests.ParseProfile_DefaultTemplate_DefaultExpressionCorrect" methodname="ParseProfile_DefaultTemplate_DefaultExpressionCorrect" classname="Hidano.FacialControl.Tests.EditMode.Adapters.DefaultProfileTemplateTests" runstate="Runnable" seed="7138517" result="Passed" start-time="2026-04-21 07:23:20Z" end-time="2026-04-21 07:23:20Z" duration="0.000407" asserts="0">
                    <properties>
                      <property name="retryIteration" value="0" />
                      <property name="repeatIteration" value="0" />
                    </properties>
                  </test-case>
                  <test-case id="1670" name="ParseProfile_DefaultTemplate_EmotionLayerCorrect" fullname="Hidano.FacialControl.Tests.EditMode.Adapters.DefaultProfileTemplateTests.ParseProfile_DefaultTemplate_EmotionLayerCorrect" methodname="ParseProfile_DefaultTemplate_EmotionLayerCorrect" classname="Hidano.FacialControl.Tests.EditMode.Adapters.DefaultProfileTemplateTests" runstate="Runnable" seed="1224316835" result="Passed" start-time="2026-04-21 07:23:20Z" end-time="2026-04-21 07:23:20Z" duration="0.000323" asserts="0">
                    <properties>
                      <property name="retryIteration" value="0" />
                      <property name="repeatIteration" value="0" />
                    </properties>
                  </test-case>
                  <test-case id="1679" name="ParseProfile_DefaultTemplate_EmotionLayerHasOneExpression" fullname="Hidano.FacialControl.Tests.EditMode.Adapters.DefaultProfileTemplateTests.ParseProfile_DefaultTemplate_EmotionLayerHasOneExpression" methodname="ParseProfile_DefaultTemplate_EmotionLayerHasOneExpression" classname="Hidano.FacialControl.Tests.EditMode.Adapters.DefaultProfileTemplateTests" runstate="Runnable" seed="626723457" result="Passed" start-time="2026-04-21 07:23:20Z" end-time="2026-04-21 07:23:20Z" duration="0.000643" asserts="0">
                    <properties>
                      <property name="retryIteration" value="0" />
                      <property name="repeatIteration" value="0" />
                    </properties>
                  </test-case>
                  <test-case id="1672" name="ParseProfile_DefaultTemplate_EyeLayerCorrect" fullname="Hidano.FacialControl.Tests.EditMode.Adapters.DefaultProfileTemplateTests.ParseProfile_DefaultTemplate_EyeLayerCorrect" methodname="ParseProfile_DefaultTemplate_EyeLayerCorrect" classname="Hidano.FacialControl.Tests.EditMode.Adapters.DefaultProfileTemplateTests" runstate="Runnable" seed="1962791925" result="Passed" start-time="2026-04-21 07:23:20Z" end-time="2026-04-21 07:23:20Z" duration="0.000314" asserts="0">
                    <properties>
                      <property name="retryIteration" value="0" />
                      <property name="repeatIteration" value="0" />
                    </properties>
                  </test-case>
                  <test-case id="1680" name="ParseProfile_DefaultTemplate_EyeLayerHasThreeExpressions" fullname="Hidano.FacialControl.Tests.EditMode.Adapters.DefaultProfileTemplateTests.ParseProfile_DefaultTemplate_EyeLayerHasThreeExpressions" methodname="ParseProfile_DefaultTemplate_EyeLayerHasThreeExpressions" classname="Hidano.FacialControl.Tests.EditMode.Adapters.DefaultProfileTemplateTests" runstate="Runnable" seed="585886686" result="Passed" start-time="2026-04-21 07:23:20Z" end-time="2026-04-21 07:23:20Z" duration="0.000273" asserts="0">
                    <properties>
                      <property name="retryIteration" value="0" />
                      <property name="repeatIteration" value="0" />
                    </properties>
                  </test-case>
                  <test-case id="1677" name="ParseProfile_DefaultTemplate_GazeCameraExpressionCorrect" fullname="Hidano.FacialControl.Tests.EditMode.Adapters.DefaultProfileTemplateTests.ParseProfile_DefaultTemplate_GazeCameraExpressionCorrect" methodname="ParseProfile_DefaultTemplate_GazeCameraExpressionCorrect" classname="Hidano.FacialControl.Tests.EditMode.Adapters.DefaultProfileTemplateTests" runstate="Runnable" seed="256030869" result="Passed" start-time="2026-04-21 07:23:20Z" end-time="2026-04-21 07:23:20Z" duration="0.000321" asserts="0">
                    <properties>
                      <property name="retryIteration" value="0" />
                      <property name="repeatIteration" value="0" />
                    </properties>
                  </test-case>
                  <test-case id="1676" name="ParseProfile_DefaultTemplate_GazeFollowExpressionCorrect" fullname="Hidano.FacialControl.Tests.EditMode.Adapters.DefaultProfileTemplateTests.ParseProfile_DefaultTemplate_GazeFollowExpressionCorrect" methodname="ParseProfile_DefaultTemplate_GazeFollowExpressionCorrect" classname="Hidano.FacialControl.Tests.EditMode.Adapters.DefaultProfileTemplateTests" runstate="Runnable" seed="1270430800" result="Passed" start-time="2026-04-21 07:23:20Z" end-time="2026-04-21 07:23:20Z" duration="0.000347" asserts="0">
                    <properties>
                      <property name="retryIteration" value="0" />
                      <property name="repeatIteration" value="0" />
                    </properties>
                  </test-case>
                  <test-case id="1673" name="ParseProfile_DefaultTemplate_HasFourExpressions" fullname="Hidano.FacialControl.Tests.EditMode.Adapters.DefaultProfileTemplateTests.ParseProfile_DefaultTemplate_HasFourExpressions" methodname="ParseProfile_DefaultTemplate_HasFourExpressions" classname="Hidano.FacialControl.Tests.EditMode.Adapters.DefaultProfileTemplateTests" runstate="Runnable" seed="2073686923" result="Passed" start-time="2026-04-21 07:23:20Z" end-time="2026-04-21 07:23:20Z" duration="0.000235" asserts="0">
                    <properties>
                      <property name="retryIteration" value="0" />
                      <property name="repeatIteration" value="0" />
                    </properties>
                  </test-case>
                  <test-case id="1669" name="ParseProfile_DefaultTemplate_HasThreeLayers" fullname="Hidano.FacialControl.Tests.EditMode.Adapters.DefaultProfileTemplateTests.ParseProfile_DefaultTemplate_HasThreeLayers" methodname="ParseProfile_DefaultTemplate_HasThreeLayers" classname="Hidano.FacialControl.Tests.EditMode.Adapters.DefaultProfileTemplateTests" runstate="Runnable" seed="709251553" result="Passed" start-time="2026-04-21 07:23:20Z" end-time="2026-04-21 07:23:20Z" duration="0.000259" asserts="0">
                    <properties>
                      <property name="retryIteration" value="0" />
                      <property name="repeatIteration" value="0" />
                    </properties>
                  </test-case>
                  <test-case id="1671" name="ParseProfile_DefaultTemplate_LipsyncLayerCorrect" fullname="Hidano.FacialControl.Tests.EditMode.Adapters.DefaultProfileTemplateTests.ParseProfile_DefaultTemplate_LipsyncLayerCorrect" methodname="ParseProfile_DefaultTemplate_LipsyncLayerCorrect" classname="Hidano.FacialControl.Tests.EditMode.Adapters.DefaultProfileTemplateTests" runstate="Runnable" seed="1821761494" result="Passed" start-time="2026-04-21 07:23:20Z" end-time="2026-04-21 07:23:20Z" duration="0.000324" asserts="0">
                    <properties>
                      <property name="retryIteration" value="0" />
                      <property name="repeatIteration" value="0" />
                    </properties>
                  </test-case>
                  <test-case id="1668" name="ParseProfile_DefaultTemplate_ReturnsValidProfile" fullname="Hidano.FacialControl.Tests.EditMode.Adapters.DefaultProfileTemplateTests.ParseProfile_DefaultTemplate_ReturnsValidProfile" methodname="ParseProfile_DefaultTemplate_ReturnsValidProfile" classname="Hidano.FacialControl.Tests.EditMode.Adapters.DefaultProfileTemplateTests" runstate="Runnable" seed="1490523692" result="Passed" start-time="2026-04-21 07:23:20Z" end-time="2026-04-21 07:23:20Z" duration="0.000272" asserts="0">
                    <properties>
                      <property name="retryIteration" value="0" />
                      <property name="repeatIteration" value="0" />
                    </properties>
                  </test-case>
                  <test-case id="1681" name="SerializeProfile_DefaultTemplate_RoundTrip_PreservesData" fullname="Hidano.FacialControl.Tests.EditMode.Adapters.DefaultProfileTemplateTests.SerializeProfile_DefaultTemplate_RoundTrip_PreservesData" methodname="SerializeProfile_DefaultTemplate_RoundTrip_PreservesData" classname="Hidano.FacialControl.Tests.EditMode.Adapters.DefaultProfileTemplateTests" runstate="Runnable" seed="479702626" result="Passed" start-time="2026-04-21 07:23:20Z" end-time="2026-04-21 07:23:20Z" duration="0.002744" asserts="0">
                    <properties>
                      <property name="retryIteration" value="0" />
                      <property name="repeatIteration" value="0" />
                    </properties>
                  </test-case>
                </test-suite>
                <test-suite type="TestFixture" id="1682" name="FacialProfileMapperTests" fullname="Hidano.FacialControl.Tests.EditMode.Adapters.FacialProfileMapperTests" classname="Hidano.FacialControl.Tests.EditMode.Adapters.FacialProfileMapperTests" runstate="Runnable" testcasecount="28" result="Passed" start-time="2026-04-21 07:23:20Z" end-time="2026-04-21 07:23:20Z" duration="0.014146" total="28" passed="28" failed="0" inconclusive="0" skipped="0" asserts="0">
                  <properties />
                  <test-case id="1683" name="Constructor_NullRepository_ThrowsArgumentNullException" fullname="Hidano.FacialControl.Tests.EditMode.Adapters.FacialProfileMapperTests.Constructor_NullRepository_ThrowsArgumentNullException" methodname="Constructor_NullRepository_ThrowsArgumentNullException" classname="Hidano.FacialControl.Tests.EditMode.Adapters.FacialProfileMapperTests" runstate="Runnable" seed="1732039939" result="Passed" start-time="2026-04-21 07:23:20Z" end-time="2026-04-21 07:23:20Z" duration="0.000715" asserts="0">
                    <properties>
                      <property name="retryIteration" value="0" />
                      <property name="repeatIteration" value="0" />
                    </properties>
                  </test-case>
                  <test-case id="1684" name="Constructor_ValidRepository_CreatesInstance" fullname="Hidano.FacialControl.Tests.EditMode.Adapters.FacialProfileMapperTests.Constructor_ValidRepository_CreatesInstance" methodname="Constructor_ValidRepository_CreatesInstance" classname="Hidano.FacialControl.Tests.EditMode.Adapters.FacialProfileMapperTests" runstate="Runnable" seed="1515907788" result="Passed" start-time="2026-04-21 07:23:20Z" end-time="2026-04-21 07:23:20Z" duration="0.000173" asserts="0">
                    <properties>
                      <property name="retryIteration" value="0" />
                      <property name="repeatIteration" value="0" />
                    </properties>
                  </test-case>
                  <test-case id="1700" name="LoadAndUpdateSO_InvalidPath_ThrowsArgumentException" fullname="Hidano.FacialControl.Tests.EditMode.Adapters.FacialProfileMapperTests.LoadAndUpdateSO_InvalidPath_ThrowsArgumentException" methodname="LoadAndUpdateSO_InvalidPath_ThrowsArgumentException" classname="Hidano.FacialControl.Tests.EditMode.Adapters.FacialProfileMapperTests" runstate="Runnable" seed="1436748490" result="Passed" start-time="2026-04-21 07:23:20Z" end-time="2026-04-21 07:23:20Z" duration="0.000525" asserts="0">
                    <properties>
                      <property name="retryIteration" value="0" />
                      <property name="repeatIteration" value="0" />
                    </properties>
                  </test-case>
                  <test-case id="1699" name="LoadAndUpdateSO_NullSO_ThrowsArgumentNullException" fullname="Hidano.FacialControl.Tests.EditMode.Adapters.FacialProfileMapperTests.LoadAndUpdateSO_NullSO_ThrowsArgumentNullException" methodname="LoadAndUpdateSO_NullSO_ThrowsArgumentNullException" classname="Hidano.FacialControl.Tests.EditMode.Adapters.FacialProfileMapperTests" runstate="Runnable" seed="903857370" result="Passed" start-time="2026-04-21 07:23:20Z" end-time="2026-04-21 07:23:20Z" duration="0.000207" asserts="0">
                    <properties>
                      <property name="retryIteration" value="0" />
                      <property name="repeatIteration" value="0" />
                    </properties>
                  </test-case>
                  <test-case id="1709" name="LoadAndUpdateSO_ProfileWithRendererPaths_SyncsRendererPathsToSO" fullname="Hidano.FacialControl.Tests.EditMode.Adapters.FacialProfileMapperTests.LoadAndUpdateSO_ProfileWithRendererPaths_SyncsRendererPathsToSO" methodname="LoadAndUpdateSO_ProfileWithRendererPaths_SyncsRendererPathsToSO" classname="Hidano.FacialControl.Tests.EditMode.Adapters.FacialProfileMapperTests" runstate="Runnable" seed="1771326843" result="Passed" start-time="2026-04-21 07:23:20Z" end-time="2026-04-21 07:23:20Z" duration="0.000963" asserts="0">
                    <properties>
                      <property name="retryIteration" value="0" />
                      <property name="repeatIteration" value="0" />
                    </properties>
                  </test-case>
                  <test-case id="1701" name="LoadAndUpdateSO_RepositoryThrows_PropagatesException" fullname="Hidano.FacialControl.Tests.EditMode.Adapters.FacialProfileMapperTests.LoadAndUpdateSO_RepositoryThrows_PropagatesException" methodname="LoadAndUpdateSO_RepositoryThrows_PropagatesException" classname="Hidano.FacialControl.Tests.EditMode.Adapters.FacialProfileMapperTests" runstate="Runnable" seed="2013491113" result="Passed" start-time="2026-04-21 07:23:20Z" end-time="2026-04-21 07:23:20Z" duration="0.000311" asserts="0">
                    <properties>
                      <property name="retryIteration" value="0" />
                      <property name="repeatIteration" value="0" />
                    </properties>
                  </test-case>
                  <test-case id="1698" name="LoadAndUpdateSO_ValidSO_LoadsAndUpdates" fullname="Hidano.FacialControl.Tests.EditMode.Adapters.FacialProfileMapperTests.LoadAndUpdateSO_ValidSO_LoadsAndUpdates" methodname="LoadAndUpdateSO_ValidSO_LoadsAndUpdates" classname="Hidano.FacialControl.Tests.EditMode.Adapters.FacialProfileMapperTests" runstate="Runnable" seed="1372582813" result="Passed" start-time="2026-04-21 07:23:20Z" end-time="2026-04-21 07:23:20Z" duration="0.000473" asserts="0">
                    <properties>
                      <property name="retryIteration" value="0" />
                      <property name="repeatIteration" value="0" />
                    </properties>
                  </test-case>
                  <test-case id="1706" name="SaveFromSO_EmptyJsonFilePath_ThrowsArgumentException" fullname="Hidano.FacialControl.Tests.EditMode.Adapters.FacialProfileMapperTests.SaveFromSO_EmptyJsonFilePath_ThrowsArgumentException" methodname="SaveFromSO_EmptyJsonFilePath_ThrowsArgumentException" classname="Hidano.FacialControl.Tests.EditMode.Adapters.FacialProfileMapperTests" runstate="Runnable" seed="1458593223" result="Passed" start-time="2026-04-21 07:23:20Z" end-time="2026-04-21 07:23:20Z" duration="0.000370" asserts="0">
                    <properties>
                      <property name="retryIteration" value="0" />
                      <property name="repeatIteration" value="0" />
                    </properties>
                  </test-case>
                  <test-case id="1705" name="SaveFromSO_NullJsonFilePath_ThrowsArgumentException" fullname="Hidano.FacialControl.Tests.EditMode.Adapters.FacialProfileMapperTests.SaveFromSO_NullJsonFilePath_ThrowsArgumentException" methodname="SaveFromSO_NullJsonFilePath_ThrowsArgumentException" classname="Hidano.FacialControl.Tests.EditMode.Adapters.FacialProfileMapperTests" runstate="Runnable" seed="1202871727" result="Passed" start-time="2026-04-21 07:23:20Z" end-time="2026-04-21 07:23:20Z" duration="0.000310" asserts="0">
                    <properties>
                      <property name="retryIteration" value="0" />
                      <property name="repeatIteration" value="0" />
                    </properties>
                  </test-case>
                  <test-case id="1704" name="SaveFromSO_NullSO_ThrowsArgumentNullException" fullname="Hidano.FacialControl.Tests.EditMode.Adapters.FacialProfileMapperTests.SaveFromSO_NullSO_ThrowsArgumentNullException" methodname="SaveFromSO_NullSO_ThrowsArgumentNullException" classname="Hidano.FacialControl.Tests.EditMode.Adapters.FacialProfileMapperTests" runstate="Runnable" seed="1743359403" result="Passed" start-time="2026-04-21 07:23:20Z" end-time="2026-04-21 07:23:20Z" duration="0.000257" asserts="0">
                    <properties>
                      <property name="retryIteration" value="0" />
                      <property name="repeatIteration" value="0" />
                    </properties>
                  </test-case>
                  <test-case id="1710" name="SaveFromSO_ProfileWithRendererPaths_SyncsRendererPathsToSO" fullname="Hidano.FacialControl.Tests.EditMode.Adapters.FacialProfileMapperTests.SaveFromSO_ProfileWithRendererPaths_SyncsRendererPathsToSO" methodname="SaveFromSO_ProfileWithRendererPaths_SyncsRendererPathsToSO" classname="Hidano.FacialControl.Tests.EditMode.Adapters.FacialProfileMapperTests" runstate="Runnable" seed="1863354400" result="Passed" start-time="2026-04-21 07:23:20Z" end-time="2026-04-21 07:23:20Z" duration="0.000338" asserts="0">
                    <properties>
                      <property name="retryIteration" value="0" />
                      <property name="repeatIteration" value="0" />
                    </properties>
                  </test-case>
                  <test-case id="1702" name="SaveFromSO_ValidArgs_SavesProfileToPath" fullname="Hidano.FacialControl.Tests.EditMode.Adapters.FacialProfileMapperTests.SaveFromSO_ValidArgs_SavesProfileToPath" methodname="SaveFromSO_ValidArgs_SavesProfileToPath" classname="Hidano.FacialControl.Tests.EditMode.Adapters.FacialProfileMapperTests" runstate="Runnable" seed="1611109849" result="Passed" start-time="2026-04-21 07:23:20Z" end-time="2026-04-21 07:23:20Z" duration="0.000300" asserts="0">
                    <properties>
                      <property name="retryIteration" value="0" />
                      <property name="repeatIteration" value="0" />
                    </properties>
                  </test-case>
                  <test-case id="1703" name="SaveFromSO_ValidArgs_UpdatesSOFields" fullname="Hidano.FacialControl.Tests.EditMode.Adapters.FacialProfileMapperTests.SaveFromSO_ValidArgs_UpdatesSOFields" methodname="SaveFromSO_ValidArgs_UpdatesSOFields" classname="Hidano.FacialControl.Tests.EditMode.Adapters.FacialProfileMapperTests" runstate="Runnable" seed="476788659" result="Passed" start-time="2026-04-21 07:23:20Z" end-time="2026-04-21 07:23:20Z" duration="0.000241" asserts="0">
                    <properties>
                      <property name="retryIteration" value="0" />
                      <property name="repeatIteration" value="0" />
                    </properties>
                  </test-case>
                  <test-case id="1689" name="ToProfile_EmptyJsonFilePath_ThrowsArgumentException" fullname="Hidano.FacialControl.Tests.EditMode.Adapters.FacialProfileMapperTests.ToProfile_EmptyJsonFilePath_ThrowsArgumentException" methodname="ToProfile_EmptyJsonFilePath_ThrowsArgumentException" classname="Hidano.FacialControl.Tests.EditMode.Adapters.FacialProfileMapperTests" runstate="Runnable" seed="209773450" result="Passed" start-time="2026-04-21 07:23:20Z" end-time="2026-04-21 07:23:20Z" duration="0.000275" asserts="0">
                    <properties>
                      <property name="retryIteration" value="0" />
                      <property name="repeatIteration" value="0" />
                    </properties>
                  </test-case>
                  <test-case id="1688" name="ToProfile_NullJsonFilePath_ThrowsArgumentException" fullname="Hidano.FacialControl.Tests.EditMode.Adapters.FacialProfileMapperTests.ToProfile_NullJsonFilePath_ThrowsArgumentException" methodname="ToProfile_NullJsonFilePath_ThrowsArgumentException" classname="Hidano.FacialControl.Tests.EditMode.Adapters.FacialProfileMapperTests" runstate="Runnable" seed="1799816319" result="Passed" start-time="2026-04-21 07:23:20Z" end-time="2026-04-21 07:23:20Z" duration="0.000307" asserts="0">
                    <properties>
                      <property name="retryIteration" value="0" />
                      <property name="repeatIteration" value="0" />
                    </properties>
                  </test-case>
                  <test-case id="1687" name="ToProfile_NullSO_ThrowsArgumentNullException" fullname="Hidano.FacialControl.Tests.EditMode.Adapters.FacialProfileMapperTests.ToProfile_NullSO_ThrowsArgumentNullException" methodname="ToProfile_NullSO_ThrowsArgumentNullException" classname="Hidano.FacialControl.Tests.EditMode.Adapters.FacialProfileMapperTests" runstate="Runnable" seed="2071578287" result="Passed" start-time="2026-04-21 07:23:20Z" end-time="2026-04-21 07:23:20Z" duration="0.000232" asserts="0">
                    <properties>
                      <property name="retryIteration" value="0" />
                      <property name="repeatIteration" value="0" />
                    </properties>
                  </test-case>
                  <test-case id="1691" name="ToProfile_RepositoryThrows_PropagatesException" fullname="Hidano.FacialControl.Tests.EditMode.Adapters.FacialProfileMapperTests.ToProfile_RepositoryThrows_PropagatesException" methodname="ToProfile_RepositoryThrows_PropagatesException" classname="Hidano.FacialControl.Tests.EditMode.Adapters.FacialProfileMapperTests" runstate="Runnable" seed="498585740" result="Passed" start-time="2026-04-21 07:23:20Z" end-time="2026-04-21 07:23:20Z" duration="0.000339" asserts="0">
                    <properties>
                      <property name="retryIteration" value="0" />
                      <property name="repeatIteration" value="0" />
                    </properties>
                  </test-case>
                  <test-case id="1686" name="ToProfile_ValidSO_PassesJsonFilePathToRepository" fullname="Hidano.FacialControl.Tests.EditMode.Adapters.FacialProfileMapperTests.ToProfile_ValidSO_PassesJsonFilePathToRepository" methodname="ToProfile_ValidSO_PassesJsonFilePathToRepository" classname="Hidano.FacialControl.Tests.EditMode.Adapters.FacialProfileMapperTests" runstate="Runnable" seed="850833816" result="Passed" start-time="2026-04-21 07:23:20Z" end-time="2026-04-21 07:23:20Z" duration="0.000219" asserts="0">
                    <properties>
                      <property name="retryIteration" value="0" />
                      <property name="repeatIteration" value="0" />
                    </properties>
                  </test-case>
                  <test-case id="1685" name="ToProfile_ValidSO_ReturnsProfile" fullname="Hidano.FacialControl.Tests.EditMode.Adapters.FacialProfileMapperTests.ToProfile_ValidSO_ReturnsProfile" methodname="ToProfile_ValidSO_ReturnsProfile" classname="Hidano.FacialControl.Tests.EditMode.Adapters.FacialProfileMapperTests" runstate="Runnable" seed="1522936729" result="Passed" start-time="2026-04-21 07:23:20Z" end-time="2026-04-21 07:23:20Z" duration="0.000280" asserts="0">
                    <properties>
                      <property name="retryIteration" value="0" />
                      <property name="repeatIteration" value="0" />
                    </properties>
                  </test-case>
                  <test-case id="1690" name="ToProfile_WhitespaceJsonFilePath_ThrowsArgumentException" fullname="Hidano.FacialControl.Tests.EditMode.Adapters.FacialProfileMapperTests.ToProfile_WhitespaceJsonFilePath_ThrowsArgumentException" methodname="ToProfile_WhitespaceJsonFilePath_ThrowsArgumentException" classname="Hidano.FacialControl.Tests.EditMode.Adapters.FacialProfileMapperTests" runstate="Runnable" seed="1285444089" result="Passed" start-time="2026-04-21 07:23:20Z" end-time="2026-04-21 07:23:20Z" duration="0.000289" asserts="0">
                    <properties>
                      <property name="retryIteration" value="0" />
                      <property name="repeatIteration" value="0" />
                    </properties>
                  </test-case>
                  <test-case id="1697" name="UpdateSO_DoesNotModifyJsonFilePath" fullname="Hidano.FacialControl.Tests.EditMode.Adapters.FacialProfileMapperTests.UpdateSO_DoesNotModifyJsonFilePath" methodname="UpdateSO_DoesNotModifyJsonFilePath" classname="Hidano.FacialControl.Tests.EditMode.Adapters.FacialProfileMapperTests" runstate="Runnable" seed="869412323" result="Passed" start-time="2026-04-21 07:23:20Z" end-time="2026-04-21 07:23:20Z" duration="0.000233" asserts="0">
                    <properties>
                      <property name="retryIteration" value="0" />
                      <property name="repeatIteration" value="0" />
                    </properties>
                  </test-case>
                  <test-case id="1695" name="UpdateSO_EmptyProfile_SetsZeroCounts" fullname="Hidano.FacialControl.Tests.EditMode.Adapters.FacialProfileMapperTests.UpdateSO_EmptyProfile_SetsZeroCounts" methodname="UpdateSO_EmptyProfile_SetsZeroCounts" classname="Hidano.FacialControl.Tests.EditMode.Adapters.FacialProfileMapperTests" runstate="Runnable" seed="946157920" result="Passed" start-time="2026-04-21 07:23:20Z" end-time="2026-04-21 07:23:20Z" duration="0.000253" asserts="0">
                    <properties>
                      <property name="retryIteration" value="0" />
                      <property name="repeatIteration" value="0" />
                    </properties>
                  </test-case>
                  <test-case id="1696" name="UpdateSO_NullSO_ThrowsArgumentNullException" fullname="Hidano.FacialControl.Tests.EditMode.Adapters.FacialProfileMapperTests.UpdateSO_NullSO_ThrowsArgumentNullException" methodname="UpdateSO_NullSO_ThrowsArgumentNullException" classname="Hidano.FacialControl.Tests.EditMode.Adapters.FacialProfileMapperTests" runstate="Runnable" seed="1371142993" result="Passed" start-time="2026-04-21 07:23:20Z" end-time="2026-04-21 07:23:20Z" duration="0.000268" asserts="0">
                    <properties>
                      <property name="retryIteration" value="0" />
                      <property name="repeatIteration" value="0" />
                    </properties>
                  </test-case>
                  <test-case id="1708" name="UpdateSO_ProfileWithEmptyRendererPaths_SetsEmptyArray" fullname="Hidano.FacialControl.Tests.EditMode.Adapters.FacialProfileMapperTests.UpdateSO_ProfileWithEmptyRendererPaths_SetsEmptyArray" methodname="UpdateSO_ProfileWithEmptyRendererPaths_SetsEmptyArray" classname="Hidano.FacialControl.Tests.EditMode.Adapters.FacialProfileMapperTests" runstate="Runnable" seed="489349180" result="Passed" start-time="2026-04-21 07:23:20Z" end-time="2026-04-21 07:23:20Z" duration="0.000235" asserts="0">
                    <properties>
                      <property name="retryIteration" value="0" />
                      <property name="repeatIteration" value="0" />
                    </properties>
                  </test-case>
                  <test-case id="1707" name="UpdateSO_ProfileWithRendererPaths_SyncsRendererPathsToSO" fullname="Hidano.FacialControl.Tests.EditMode.Adapters.FacialProfileMapperTests.UpdateSO_ProfileWithRendererPaths_SyncsRendererPathsToSO" methodname="UpdateSO_ProfileWithRendererPaths_SyncsRendererPathsToSO" classname="Hidano.FacialControl.Tests.EditMode.Adapters.FacialProfileMapperTests" runstate="Runnable" seed="1636884346" result="Passed" start-time="2026-04-21 07:23:20Z" end-time="2026-04-21 07:23:20Z" duration="0.000340" asserts="0">
                    <properties>
                      <property name="retryIteration" value="0" />
                      <property name="repeatIteration" value="0" />
                    </properties>
                  </test-case>
                  <test-case id="1694" name="UpdateSO_ValidProfile_UpdatesExpressionCount" fullname="Hidano.FacialControl.Tests.EditMode.Adapters.FacialProfileMapperTests.UpdateSO_ValidProfile_UpdatesExpressionCount" methodname="UpdateSO_ValidProfile_UpdatesExpressionCount" classname="Hidano.FacialControl.Tests.EditMode.Adapters.FacialProfileMapperTests" runstate="Runnable" seed="1293743178" result="Passed" start-time="2026-04-21 07:23:20Z" end-time="2026-04-21 07:23:20Z" duration="0.000266" asserts="0">
                    <properties>
                      <property name="retryIteration" value="0" />
                      <property name="repeatIteration" value="0" />
                    </properties>
                  </test-case>
                  <test-case id="1693" name="UpdateSO_ValidProfile_UpdatesLayerCount" fullname="Hidano.FacialControl.Tests.EditMode.Adapters.FacialProfileMapperTests.UpdateSO_ValidProfile_UpdatesLayerCount" methodname="UpdateSO_ValidProfile_UpdatesLayerCount" classname="Hidano.FacialControl.Tests.EditMode.Adapters.FacialProfileMapperTests" runstate="Runnable" seed="2072106944" result="Passed" start-time="2026-04-21 07:23:20Z" end-time="2026-04-21 07:23:20Z" duration="0.000260" asserts="0">
                    <properties>
                      <property name="retryIteration" value="0" />
                      <property name="repeatIteration" value="0" />
                    </properties>
                  </test-case>
                  <test-case id="1692" name="UpdateSO_ValidProfile_UpdatesSchemaVersion" fullname="Hidano.FacialControl.Tests.EditMode.Adapters.FacialProfileMapperTests.UpdateSO_ValidProfile_UpdatesSchemaVersion" methodname="UpdateSO_ValidProfile_UpdatesSchemaVersion" classname="Hidano.FacialControl.Tests.EditMode.Adapters.FacialProfileMapperTests" runstate="Runnable" seed="447237002" result="Passed" start-time="2026-04-21 07:23:20Z" end-time="2026-04-21 07:23:20Z" duration="0.000242" asserts="0">
                    <properties>
                      <property name="retryIteration" value="0" />
                      <property name="repeatIteration" value="0" />
                    </properties>
                  </test-case>
                </test-suite>
                <test-suite type="TestFixture" id="1711" name="FileProfileRepositoryTests" fullname="Hidano.FacialControl.Tests.EditMode.Adapters.FileProfileRepositoryTests" classname="Hidano.FacialControl.Tests.EditMode.Adapters.FileProfileRepositoryTests" runstate="Runnable" testcasecount="21" result="Passed" start-time="2026-04-21 07:23:20Z" end-time="2026-04-21 07:23:20Z" duration="0.073074" total="21" passed="21" failed="0" inconclusive="0" skipped="0" asserts="0">
                  <properties />
                  <test-case id="1712" name="Constructor_NullParser_ThrowsArgumentNullException" fullname="Hidano.FacialControl.Tests.EditMode.Adapters.FileProfileRepositoryTests.Constructor_NullParser_ThrowsArgumentNullException" methodname="Constructor_NullParser_ThrowsArgumentNullException" classname="Hidano.FacialControl.Tests.EditMode.Adapters.FileProfileRepositoryTests" runstate="Runnable" seed="1734228788" result="Passed" start-time="2026-04-21 07:23:20Z" end-time="2026-04-21 07:23:20Z" duration="0.004321" asserts="0">
                    <properties>
                      <property name="retryIteration" value="0" />
                      <property name="repeatIteration" value="0" />
                    </properties>
                  </test-case>
                  <test-case id="1713" name="Constructor_ValidParser_CreatesInstance" fullname="Hidano.FacialControl.Tests.EditMode.Adapters.FileProfileRepositoryTests.Constructor_ValidParser_CreatesInstance" methodname="Constructor_ValidParser_CreatesInstance" classname="Hidano.FacialControl.Tests.EditMode.Adapters.FileProfileRepositoryTests" runstate="Runnable" seed="1574056213" result="Passed" start-time="2026-04-21 07:23:20Z" end-time="2026-04-21 07:23:20Z" duration="0.000665" asserts="0">
                    <properties>
                      <property name="retryIteration" value="0" />
                      <property name="repeatIteration" value="0" />
                    </properties>
                  </test-case>
                  <test-case id="1716" name="LoadProfile_EmptyPath_ThrowsArgumentException" fullname="Hidano.FacialControl.Tests.EditMode.Adapters.FileProfileRepositoryTests.LoadProfile_EmptyPath_ThrowsArgumentException" methodname="LoadProfile_EmptyPath_ThrowsArgumentException" classname="Hidano.FacialControl.Tests.EditMode.Adapters.FileProfileRepositoryTests" runstate="Runnable" seed="1034792399" result="Passed" start-time="2026-04-21 07:23:20Z" end-time="2026-04-21 07:23:20Z" duration="0.000793" asserts="0">
                    <properties>
                      <property name="retryIteration" value="0" />
                      <property name="repeatIteration" value="0" />
                    </properties>
                  </test-case>
                  <test-case id="1722" name="LoadProfile_JapaneseFilePath_ReadsCorrectly" fullname="Hidano.FacialControl.Tests.EditMode.Adapters.FileProfileRepositoryTests.LoadProfile_JapaneseFilePath_ReadsCorrectly" methodname="LoadProfile_JapaneseFilePath_ReadsCorrectly" classname="Hidano.FacialControl.Tests.EditMode.Adapters.FileProfileRepositoryTests" runstate="Runnable" seed="946996120" result="Passed" start-time="2026-04-21 07:23:20Z" end-time="2026-04-21 07:23:20Z" duration="0.006837" asserts="0">
                    <properties>
                      <property name="retryIteration" value="0" />
                      <property name="repeatIteration" value="0" />
                    </properties>
                  </test-case>
                  <test-case id="1718" name="LoadProfile_NonExistentFile_ThrowsFileNotFoundException" fullname="Hidano.FacialControl.Tests.EditMode.Adapters.FileProfileRepositoryTests.LoadProfile_NonExistentFile_ThrowsFileNotFoundException" methodname="LoadProfile_NonExistentFile_ThrowsFileNotFoundException" classname="Hidano.FacialControl.Tests.EditMode.Adapters.FileProfileRepositoryTests" runstate="Runnable" seed="2021413436" result="Passed" start-time="2026-04-21 07:23:20Z" end-time="2026-04-21 07:23:20Z" duration="0.000859" asserts="0">
                    <properties>
                      <property name="retryIteration" value="0" />
                      <property name="repeatIteration" value="0" />
                    </properties>
                  </test-case>
                  <test-case id="1715" name="LoadProfile_NullPath_ThrowsArgumentNullException" fullname="Hidano.FacialControl.Tests.EditMode.Adapters.FileProfileRepositoryTests.LoadProfile_NullPath_ThrowsArgumentNullException" methodname="LoadProfile_NullPath_ThrowsArgumentNullException" classname="Hidano.FacialControl.Tests.EditMode.Adapters.FileProfileRepositoryTests" runstate="Runnable" seed="1532067981" result="Passed" start-time="2026-04-21 07:23:20Z" end-time="2026-04-21 07:23:20Z" duration="0.000684" asserts="0">
                    <properties>
                      <property name="retryIteration" value="0" />
                      <property name="repeatIteration" value="0" />
                    </properties>
                  </test-case>
                  <test-case id="1720" name="LoadProfile_ParserThrows_PropagatesException" fullname="Hidano.FacialControl.Tests.EditMode.Adapters.FileProfileRepositoryTests.LoadProfile_ParserThrows_PropagatesException" methodname="LoadProfile_ParserThrows_PropagatesException" classname="Hidano.FacialControl.Tests.EditMode.Adapters.FileProfileRepositoryTests" runstate="Runnable" seed="299903021" result="Passed" start-time="2026-04-21 07:23:20Z" end-time="2026-04-21 07:23:20Z" duration="0.004668" asserts="0">
                    <properties>
                      <property name="retryIteration" value="0" />
                      <property name="repeatIteration" value="0" />
                    </properties>
                  </test-case>
                  <test-case id="1719" name="LoadProfile_PassesFileContentToParser" fullname="Hidano.FacialControl.Tests.EditMode.Adapters.FileProfileRepositoryTests.LoadProfile_PassesFileContentToParser" methodname="LoadProfile_PassesFileContentToParser" classname="Hidano.FacialControl.Tests.EditMode.Adapters.FileProfileRepositoryTests" runstate="Runnable" seed="1594765727" result="Passed" start-time="2026-04-21 07:23:20Z" end-time="2026-04-21 07:23:20Z" duration="0.004569" asserts="0">
                    <properties>
                      <property name="retryIteration" value="0" />
                      <property name="repeatIteration" value="0" />
                    </properties>
                  </test-case>
                  <test-case id="1721" name="LoadProfile_Utf8Content_ReadsCorrectly" fullname="Hidano.FacialControl.Tests.EditMode.Adapters.FileProfileRepositoryTests.LoadProfile_Utf8Content_ReadsCorrectly" methodname="LoadProfile_Utf8Content_ReadsCorrectly" classname="Hidano.FacialControl.Tests.EditMode.Adapters.FileProfileRepositoryTests" runstate="Runnable" seed="1909148648" result="Passed" start-time="2026-04-21 07:23:20Z" end-time="2026-04-21 07:23:20Z" duration="0.006540" asserts="0">
                    <properties>
                      <property name="retryIteration" value="0" />
                      <property name="repeatIteration" value="0" />
                    </properties>
                  </test-case>
                  <test-case id="1714" name="LoadProfile_ValidFile_ReturnsProfile" fullname="Hidano.FacialControl.Tests.EditMode.Adapters.FileProfileRepositoryTests.LoadProfile_ValidFile_ReturnsProfile" methodname="LoadProfile_ValidFile_ReturnsProfile" classname="Hidano.FacialControl.Tests.EditMode.Adapters.FileProfileRepositoryTests" runstate="Runnable" seed="193846617" result="Passed" start-time="2026-04-21 07:23:20Z" end-time="2026-04-21 07:23:20Z" duration="0.001810" asserts="0">
                    <properties>
                      <property name="retryIteration" value="0" />
                      <property name="repeatIteration" value="0" />
                    </properties>
                  </test-case>
                  <test-case id="1717" name="LoadProfile_WhitespacePath_ThrowsArgumentException" fullname="Hidano.FacialControl.Tests.EditMode.Adapters.FileProfileRepositoryTests.LoadProfile_WhitespacePath_ThrowsArgumentException" methodname="LoadProfile_WhitespacePath_ThrowsArgumentException" classname="Hidano.FacialControl.Tests.EditMode.Adapters.FileProfileRepositoryTests" runstate="Runnable" seed="2126437114" result="Passed" start-time="2026-04-21 07:23:20Z" end-time="2026-04-21 07:23:20Z" duration="0.000759" asserts="0">
                    <properties>
                      <property name="retryIteration" value="0" />
                      <property name="repeatIteration" value="0" />
                    </properties>
                  </test-case>
                  <test-case id="1732" name="RoundTrip_SaveThenLoad_PreservesProfile" fullname="Hidano.FacialControl.Tests.EditMode.Adapters.FileProfileRepositoryTests.RoundTrip_SaveThenLoad_PreservesProfile" methodname="RoundTrip_SaveThenLoad_PreservesProfile" classname="Hidano.FacialControl.Tests.EditMode.Adapters.FileProfileRepositoryTests" runstate="Runnable" seed="1709643071" result="Passed" start-time="2026-04-21 07:23:20Z" end-time="2026-04-21 07:23:20Z" duration="0.006986" asserts="0">
                    <properties>
                      <property name="retryIteration" value="0" />
                      <property name="repeatIteration" value="0" />
                    </properties>
                  </test-case>
                  <test-case id="1727" name="SaveProfile_CreatesParentDirectories" fullname="Hidano.FacialControl.Tests.EditMode.Adapters.FileProfileRepositoryTests.SaveProfile_CreatesParentDirectories" methodname="SaveProfile_CreatesParentDirectories" classname="Hidano.FacialControl.Tests.EditMode.Adapters.FileProfileRepositoryTests" runstate="Runnable" seed="1038890551" result="Passed" start-time="2026-04-21 07:23:20Z" end-time="2026-04-21 07:23:20Z" duration="0.001662" asserts="0">
                    <properties>
                      <property name="retryIteration" value="0" />
                      <property name="repeatIteration" value="0" />
                    </properties>
                  </test-case>
                  <test-case id="1725" name="SaveProfile_EmptyPath_ThrowsArgumentException" fullname="Hidano.FacialControl.Tests.EditMode.Adapters.FileProfileRepositoryTests.SaveProfile_EmptyPath_ThrowsArgumentException" methodname="SaveProfile_EmptyPath_ThrowsArgumentException" classname="Hidano.FacialControl.Tests.EditMode.Adapters.FileProfileRepositoryTests" runstate="Runnable" seed="206044043" result="Passed" start-time="2026-04-21 07:23:20Z" end-time="2026-04-21 07:23:20Z" duration="0.000769" asserts="0">
                    <properties>
                      <property name="retryIteration" value="0" />
                      <property name="repeatIteration" value="0" />
                    </properties>
                  </test-case>
                  <test-case id="1731" name="SaveProfile_JapaneseFilePath_WritesCorrectly" fullname="Hidano.FacialControl.Tests.EditMode.Adapters.FileProfileRepositoryTests.SaveProfile_JapaneseFilePath_WritesCorrectly" methodname="SaveProfile_JapaneseFilePath_WritesCorrectly" classname="Hidano.FacialControl.Tests.EditMode.Adapters.FileProfileRepositoryTests" runstate="Runnable" seed="692452917" result="Passed" start-time="2026-04-21 07:23:20Z" end-time="2026-04-21 07:23:20Z" duration="0.001290" asserts="0">
                    <properties>
                      <property name="retryIteration" value="0" />
                      <property name="repeatIteration" value="0" />
                    </properties>
                  </test-case>
                  <test-case id="1724" name="SaveProfile_NullPath_ThrowsArgumentNullException" fullname="Hidano.FacialControl.Tests.EditMode.Adapters.FileProfileRepositoryTests.SaveProfile_NullPath_ThrowsArgumentNullException" methodname="SaveProfile_NullPath_ThrowsArgumentNullException" classname="Hidano.FacialControl.Tests.EditMode.Adapters.FileProfileRepositoryTests" runstate="Runnable" seed="1311050945" result="Passed" start-time="2026-04-21 07:23:20Z" end-time="2026-04-21 07:23:20Z" duration="0.000751" asserts="0">
                    <properties>
                      <property name="retryIteration" value="0" />
                      <property name="repeatIteration" value="0" />
                    </properties>
                  </test-case>
                  <test-case id="1728" name="SaveProfile_OverwritesExistingFile" fullname="Hidano.FacialControl.Tests.EditMode.Adapters.FileProfileRepositoryTests.SaveProfile_OverwritesExistingFile" methodname="SaveProfile_OverwritesExistingFile" classname="Hidano.FacialControl.Tests.EditMode.Adapters.FileProfileRepositoryTests" runstate="Runnable" seed="226088004" result="Passed" start-time="2026-04-21 07:23:20Z" end-time="2026-04-21 07:23:20Z" duration="0.010599" asserts="0">
                    <properties>
                      <property name="retryIteration" value="0" />
                      <property name="repeatIteration" value="0" />
                    </properties>
                  </test-case>
                  <test-case id="1729" name="SaveProfile_SerializerThrows_PropagatesException" fullname="Hidano.FacialControl.Tests.EditMode.Adapters.FileProfileRepositoryTests.SaveProfile_SerializerThrows_PropagatesException" methodname="SaveProfile_SerializerThrows_PropagatesException" classname="Hidano.FacialControl.Tests.EditMode.Adapters.FileProfileRepositoryTests" runstate="Runnable" seed="1868988041" result="Passed" start-time="2026-04-21 07:23:20Z" end-time="2026-04-21 07:23:20Z" duration="0.000948" asserts="0">
                    <properties>
                      <property name="retryIteration" value="0" />
                      <property name="repeatIteration" value="0" />
                    </properties>
                  </test-case>
                  <test-case id="1730" name="SaveProfile_Utf8Encoding_WritesCorrectly" fullname="Hidano.FacialControl.Tests.EditMode.Adapters.FileProfileRepositoryTests.SaveProfile_Utf8Encoding_WritesCorrectly" methodname="SaveProfile_Utf8Encoding_WritesCorrectly" classname="Hidano.FacialControl.Tests.EditMode.Adapters.FileProfileRepositoryTests" runstate="Runnable" seed="966912235" result="Passed" start-time="2026-04-21 07:23:20Z" end-time="2026-04-21 07:23:20Z" duration="0.006135" asserts="0">
                    <properties>
                      <property name="retryIteration" value="0" />
                      <property name="repeatIteration" value="0" />
                    </properties>
                  </test-case>
                  <test-case id="1723" name="SaveProfile_ValidPathAndProfile_WritesFile" fullname="Hidano.FacialControl.Tests.EditMode.Adapters.FileProfileRepositoryTests.SaveProfile_ValidPathAndProfile_WritesFile" methodname="SaveProfile_ValidPathAndProfile_WritesFile" classname="Hidano.FacialControl.Tests.EditMode.Adapters.FileProfileRepositoryTests" runstate="Runnable" seed="241346809" result="Passed" start-time="2026-04-21 07:23:20Z" end-time="2026-04-21 07:23:20Z" duration="0.006319" asserts="0">
                    <properties>
                      <property name="retryIteration" value="0" />
                      <property name="repeatIteration" value="0" />
                    </properties>
                  </test-case>
                  <test-case id="1726" name="SaveProfile_WhitespacePath_ThrowsArgumentException" fullname="Hidano.FacialControl.Tests.EditMode.Adapters.FileProfileRepositoryTests.SaveProfile_WhitespacePath_ThrowsArgumentException" methodname="SaveProfile_WhitespacePath_ThrowsArgumentException" classname="Hidano.FacialControl.Tests.EditMode.Adapters.FileProfileRepositoryTests" runstate="Runnable" seed="1595520444" result="Passed" start-time="2026-04-21 07:23:20Z" end-time="2026-04-21 07:23:20Z" duration="0.000960" asserts="0">
                    <properties>
                      <property name="retryIteration" value="0" />
                      <property name="repeatIteration" value="0" />
                    </properties>
                  </test-case>
                </test-suite>
                <test-suite type="TestFixture" id="1733" name="InputBindingProfileSOTests" fullname="Hidano.FacialControl.Tests.EditMode.Adapters.InputBindingProfileSOTests" classname="Hidano.FacialControl.Tests.EditMode.Adapters.InputBindingProfileSOTests" runstate="Runnable" testcasecount="7" result="Passed" start-time="2026-04-21 07:23:20Z" end-time="2026-04-21 07:23:20Z" duration="0.010362" total="7" passed="7" failed="0" inconclusive="0" skipped="0" asserts="0">
                  <properties />
                  <test-case id="1734" name="GetBindings_ActionAssetIsNull_ReturnsEmptyList" fullname="Hidano.FacialControl.Tests.EditMode.Adapters.InputBindingProfileSOTests.GetBindings_ActionAssetIsNull_ReturnsEmptyList" methodname="GetBindings_ActionAssetIsNull_ReturnsEmptyList" classname="Hidano.FacialControl.Tests.EditMode.Adapters.InputBindingProfileSOTests" runstate="Runnable" seed="367124684" result="Passed" start-time="2026-04-21 07:23:20Z" end-time="2026-04-21 07:23:20Z" duration="0.000853" asserts="0">
                    <properties>
                      <property name="retryIteration" value="0" />
                      <property name="repeatIteration" value="0" />
                    </properties>
                  </test-case>
                  <test-case id="1736" name="GetBindings_WithSerializedEntries_PreservesActionNameAndExpressionId" fullname="Hidano.FacialControl.Tests.EditMode.Adapters.InputBindingProfileSOTests.GetBindings_WithSerializedEntries_PreservesActionNameAndExpressionId" methodname="GetBindings_WithSerializedEntries_PreservesActionNameAndExpressionId" classname="Hidano.FacialControl.Tests.EditMode.Adapters.InputBindingProfileSOTests" runstate="Runnable" seed="1997269399" result="Passed" start-time="2026-04-21 07:23:20Z" end-time="2026-04-21 07:23:20Z" duration="0.002217" asserts="0">
                    <properties>
                      <property name="retryIteration" value="0" />
                      <property name="repeatIteration" value="0" />
                    </properties>
                  </test-case>
                  <test-case id="1735" name="GetBindings_WithSerializedEntries_ReturnsReadOnlyListOfInputBinding" fullname="Hidano.FacialControl.Tests.EditMode.Adapters.InputBindingProfileSOTests.GetBindings_WithSerializedEntries_ReturnsReadOnlyListOfInputBinding" methodname="GetBindings_WithSerializedEntries_ReturnsReadOnlyListOfInputBinding" classname="Hidano.FacialControl.Tests.EditMode.Adapters.InputBindingProfileSOTests" runstate="Runnable" seed="537686673" result="Passed" start-time="2026-04-21 07:23:20Z" end-time="2026-04-21 07:23:20Z" duration="0.000443" asserts="0">
                    <properties>
                      <property name="retryIteration" value="0" />
                      <property name="repeatIteration" value="0" />
                    </properties>
                  </test-case>
                  <test-case id="1737" name="InputSourceCategory_DefaultOnFreshInstance_IsController" fullname="Hidano.FacialControl.Tests.EditMode.Adapters.InputBindingProfileSOTests.InputSourceCategory_DefaultOnFreshInstance_IsController" methodname="InputSourceCategory_DefaultOnFreshInstance_IsController" classname="Hidano.FacialControl.Tests.EditMode.Adapters.InputBindingProfileSOTests" runstate="Runnable" seed="1350180521" result="Passed" start-time="2026-04-21 07:23:20Z" end-time="2026-04-21 07:23:20Z" duration="0.000252" asserts="0">
                    <properties>
                      <property name="retryIteration" value="0" />
                      <property name="repeatIteration" value="0" />
                    </properties>
                  </test-case>
                  <test-case id="1740" name="OnValidate_ControllerCategoryWithGamepadBindings_NoWarning" fullname="Hidano.FacialControl.Tests.EditMode.Adapters.InputBindingProfileSOTests.OnValidate_ControllerCategoryWithGamepadBindings_NoWarning" methodname="OnValidate_ControllerCategoryWithGamepadBindings_NoWarning" classname="Hidano.FacialControl.Tests.EditMode.Adapters.InputBindingProfileSOTests" runstate="Runnable" seed="1540241753" result="Passed" start-time="2026-04-21 07:23:20Z" end-time="2026-04-21 07:23:20Z" duration="0.001884" asserts="0">
                    <properties>
                      <property name="retryIteration" value="0" />
                      <property name="repeatIteration" value="0" />
                    </properties>
                  </test-case>
                  <test-case id="1738" name="OnValidate_ControllerCategoryWithKeyboardOnlyBindings_EmitsWarning" fullname="Hidano.FacialControl.Tests.EditMode.Adapters.InputBindingProfileSOTests.OnValidate_ControllerCategoryWithKeyboardOnlyBindings_EmitsWarning" methodname="OnValidate_ControllerCategoryWithKeyboardOnlyBindings_EmitsWarning" classname="Hidano.FacialControl.Tests.EditMode.Adapters.InputBindingProfileSOTests" runstate="Runnable" seed="1217488238" result="Passed" start-time="2026-04-21 07:23:20Z" end-time="2026-04-21 07:23:20Z" duration="0.002575" asserts="0">
                    <properties>
                      <property name="retryIteration" value="0" />
                      <property name="repeatIteration" value="0" />
                    </properties>
                    <output><![CDATA[InputBindingProfileSO '': InputSourceCategory が Controller に設定されていますが、ActionMap 'Expression' のバインディングはすべて Keyboard デバイスを参照しています。意図した設定か確認してください（Keyboard 用アダプタへ振り分けるには InputSourceCategory を Keyboard に変更してください）。
]]></output>
                  </test-case>
                  <test-case id="1739" name="OnValidate_KeyboardCategoryWithKeyboardOnlyBindings_NoWarning" fullname="Hidano.FacialControl.Tests.EditMode.Adapters.InputBindingProfileSOTests.OnValidate_KeyboardCategoryWithKeyboardOnlyBindings_NoWarning" methodname="OnValidate_KeyboardCategoryWithKeyboardOnlyBindings_NoWarning" classname="Hidano.FacialControl.Tests.EditMode.Adapters.InputBindingProfileSOTests" runstate="Runnable" seed="17936416" result="Passed" start-time="2026-04-21 07:23:20Z" end-time="2026-04-21 07:23:20Z" duration="0.000293" asserts="0">
                    <properties>
                      <property name="retryIteration" value="0" />
                      <property name="repeatIteration" value="0" />
                    </properties>
                  </test-case>
                </test-suite>
                <test-suite type="TestSuite" id="2083" name="InputSources" fullname="Hidano.FacialControl.Tests.EditMode.Adapters.InputSources" runstate="Runnable" testcasecount="71" result="Passed" start-time="2026-04-21 07:23:20Z" end-time="2026-04-21 07:23:21Z" duration="0.037638" total="71" passed="71" failed="0" inconclusive="0" skipped="0" asserts="0">
                  <properties />
                  <test-suite type="TestFixture" id="1997" name="ControllerExpressionInputSourceTests" fullname="Hidano.FacialControl.Tests.EditMode.Adapters.InputSources.ControllerExpressionInputSourceTests" classname="Hidano.FacialControl.Tests.EditMode.Adapters.InputSources.ControllerExpressionInputSourceTests" runstate="Runnable" testcasecount="8" result="Passed" start-time="2026-04-21 07:23:20Z" end-time="2026-04-21 07:23:20Z" duration="0.006043" total="8" passed="8" failed="0" inconclusive="0" skipped="0" asserts="0">
                    <properties />
                    <test-case id="2001" name="BlendShapeCount_MatchesConstructorArgument" fullname="Hidano.FacialControl.Tests.EditMode.Adapters.InputSources.ControllerExpressionInputSourceTests.BlendShapeCount_MatchesConstructorArgument" methodname="BlendShapeCount_MatchesConstructorArgument" classname="Hidano.FacialControl.Tests.EditMode.Adapters.InputSources.ControllerExpressionInputSourceTests" runstate="Runnable" seed="1820669390" result="Passed" start-time="2026-04-21 07:23:20Z" end-time="2026-04-21 07:23:20Z" duration="0.000896" asserts="0">
                      <properties>
                        <property name="retryIteration" value="0" />
                        <property name="repeatIteration" value="0" />
                      </properties>
                    </test-case>
                    <test-case id="2000" name="Category_IsController" fullname="Hidano.FacialControl.Tests.EditMode.Adapters.InputSources.ControllerExpressionInputSourceTests.Category_IsController" methodname="Category_IsController" classname="Hidano.FacialControl.Tests.EditMode.Adapters.InputSources.ControllerExpressionInputSourceTests" runstate="Runnable" seed="28096949" result="Passed" start-time="2026-04-21 07:23:20Z" end-time="2026-04-21 07:23:20Z" duration="0.000165" asserts="0">
                      <properties>
                        <property name="retryIteration" value="0" />
                        <property name="repeatIteration" value="0" />
                      </properties>
                    </test-case>
                    <test-case id="2003" name="FakeInputSystemAdapter_ControllerCategoryBinding_RoutesTriggerToAdapter" fullname="Hidano.FacialControl.Tests.EditMode.Adapters.InputSources.ControllerExpressionInputSourceTests.FakeInputSystemAdapter_ControllerCategoryBinding_RoutesTriggerToAdapter" methodname="FakeInputSystemAdapter_ControllerCategoryBinding_RoutesTriggerToAdapter" classname="Hidano.FacialControl.Tests.EditMode.Adapters.InputSources.ControllerExpressionInputSourceTests" runstate="Runnable" seed="1683264002" result="Passed" start-time="2026-04-21 07:23:20Z" end-time="2026-04-21 07:23:20Z" duration="0.002318" asserts="0">
                      <properties>
                        <property name="retryIteration" value="0" />
[...]
                    <properties>
                      <property name="retryIteration" value="0" />
                      <property name="repeatIteration" value="0" />
                    </properties>
                  </test-case>
                  <test-case id="1053" name="EditLayerPriority_RoundTrip_PriorityUpdated" fullname="Hidano.FacialControl.Tests.EditMode.Editor.ProfileEditSaveTests.EditLayerPriority_RoundTrip_PriorityUpdated" methodname="EditLayerPriority_RoundTrip_PriorityUpdated" classname="Hidano.FacialControl.Tests.EditMode.Editor.ProfileEditSaveTests" runstate="Runnable" seed="1426151226" result="Passed" start-time="2026-04-21 07:23:21Z" end-time="2026-04-21 07:23:21Z" duration="0.000392" asserts="0">
                    <properties>
                      <property name="retryIteration" value="0" />
                      <property name="repeatIteration" value="0" />
                    </properties>
                  </test-case>
                  <test-case id="1055" name="EditMultipleLayerFields_RoundTrip_AllFieldsUpdated" fullname="Hidano.FacialControl.Tests.EditMode.Editor.ProfileEditSaveTests.EditMultipleLayerFields_RoundTrip_AllFieldsUpdated" methodname="EditMultipleLayerFields_RoundTrip_AllFieldsUpdated" classname="Hidano.FacialControl.Tests.EditMode.Editor.ProfileEditSaveTests" runstate="Runnable" seed="2093233960" result="Passed" start-time="2026-04-21 07:23:21Z" end-time="2026-04-21 07:23:21Z" duration="0.000389" asserts="0">
                    <properties>
                      <property name="retryIteration" value="0" />
                      <property name="repeatIteration" value="0" />
                    </properties>
                  </test-case>
                  <test-case id="1066" name="EditProfile_RoundTrip_ExpressionCountMatches" fullname="Hidano.FacialControl.Tests.EditMode.Editor.ProfileEditSaveTests.EditProfile_RoundTrip_ExpressionCountMatches" methodname="EditProfile_RoundTrip_ExpressionCountMatches" classname="Hidano.FacialControl.Tests.EditMode.Editor.ProfileEditSaveTests" runstate="Runnable" seed="1681736310" result="Passed" start-time="2026-04-21 07:23:21Z" end-time="2026-04-21 07:23:21Z" duration="0.000393" asserts="0">
                    <properties>
                      <property name="retryIteration" value="0" />
                      <property name="repeatIteration" value="0" />
                    </properties>
                  </test-case>
                  <test-case id="1065" name="EditProfile_RoundTrip_LayerCountMatches" fullname="Hidano.FacialControl.Tests.EditMode.Editor.ProfileEditSaveTests.EditProfile_RoundTrip_LayerCountMatches" methodname="EditProfile_RoundTrip_LayerCountMatches" classname="Hidano.FacialControl.Tests.EditMode.Editor.ProfileEditSaveTests" runstate="Runnable" seed="1657433713" result="Passed" start-time="2026-04-21 07:23:21Z" end-time="2026-04-21 07:23:21Z" duration="0.000359" asserts="0">
                    <properties>
                      <property name="retryIteration" value="0" />
                      <property name="repeatIteration" value="0" />
                    </properties>
                  </test-case>
                  <test-case id="1062" name="EditProfile_SchemaVersionPreserved" fullname="Hidano.FacialControl.Tests.EditMode.Editor.ProfileEditSaveTests.EditProfile_SchemaVersionPreserved" methodname="EditProfile_SchemaVersionPreserved" classname="Hidano.FacialControl.Tests.EditMode.Editor.ProfileEditSaveTests" runstate="Runnable" seed="593419937" result="Passed" start-time="2026-04-21 07:23:21Z" end-time="2026-04-21 07:23:21Z" duration="0.000337" asserts="0">
                    <properties>
                      <property name="retryIteration" value="0" />
                      <property name="repeatIteration" value="0" />
                    </properties>
                  </test-case>
                  <test-case id="1064" name="EditProfile_UnmodifiedExpressionsPreserved" fullname="Hidano.FacialControl.Tests.EditMode.Editor.ProfileEditSaveTests.EditProfile_UnmodifiedExpressionsPreserved" methodname="EditProfile_UnmodifiedExpressionsPreserved" classname="Hidano.FacialControl.Tests.EditMode.Editor.ProfileEditSaveTests" runstate="Runnable" seed="1244600265" result="Passed" start-time="2026-04-21 07:23:21Z" end-time="2026-04-21 07:23:21Z" duration="0.000454" asserts="0">
                    <properties>
                      <property name="retryIteration" value="0" />
                      <property name="repeatIteration" value="0" />
                    </properties>
                  </test-case>
                  <test-case id="1063" name="EditProfile_UnmodifiedLayersPreserved" fullname="Hidano.FacialControl.Tests.EditMode.Editor.ProfileEditSaveTests.EditProfile_UnmodifiedLayersPreserved" methodname="EditProfile_UnmodifiedLayersPreserved" classname="Hidano.FacialControl.Tests.EditMode.Editor.ProfileEditSaveTests" runstate="Runnable" seed="402540181" result="Passed" start-time="2026-04-21 07:23:21Z" end-time="2026-04-21 07:23:21Z" duration="0.000463" asserts="0">
                    <properties>
                      <property name="retryIteration" value="0" />
                      <property name="repeatIteration" value="0" />
                    </properties>
                  </test-case>
                </test-suite>
                <test-suite type="TestFixture" id="1067" name="ProfileRebuildBlendShapeWeightTests" fullname="Hidano.FacialControl.Tests.EditMode.Editor.ProfileRebuildBlendShapeWeightTests" classname="Hidano.FacialControl.Tests.EditMode.Editor.ProfileRebuildBlendShapeWeightTests" runstate="Runnable" testcasecount="10" result="Passed" start-time="2026-04-21 07:23:21Z" end-time="2026-04-21 07:23:21Z" duration="0.006137" total="10" passed="10" failed="0" inconclusive="0" skipped="0" asserts="0">
                  <properties />
                  <test-case id="1077" name="EditWeight_BoundaryOne_RoundTrip_ValueIsOne" fullname="Hidano.FacialControl.Tests.EditMode.Editor.ProfileRebuildBlendShapeWeightTests.EditWeight_BoundaryOne_RoundTrip_ValueIsOne" methodname="EditWeight_BoundaryOne_RoundTrip_ValueIsOne" classname="Hidano.FacialControl.Tests.EditMode.Editor.ProfileRebuildBlendShapeWeightTests" runstate="Runnable" seed="1009828350" result="Passed" start-time="2026-04-21 07:23:21Z" end-time="2026-04-21 07:23:21Z" duration="0.000811" asserts="0">
                    <properties>
                      <property name="retryIteration" value="0" />
                      <property name="repeatIteration" value="0" />
                    </properties>
                  </test-case>
                  <test-case id="1076" name="EditWeight_BoundaryZero_RoundTrip_ValueIsZero" fullname="Hidano.FacialControl.Tests.EditMode.Editor.ProfileRebuildBlendShapeWeightTests.EditWeight_BoundaryZero_RoundTrip_ValueIsZero" methodname="EditWeight_BoundaryZero_RoundTrip_ValueIsZero" classname="Hidano.FacialControl.Tests.EditMode.Editor.ProfileRebuildBlendShapeWeightTests" runstate="Runnable" seed="1483951169" result="Passed" start-time="2026-04-21 07:23:21Z" end-time="2026-04-21 07:23:21Z" duration="0.000411" asserts="0">
                    <properties>
                      <property name="retryIteration" value="0" />
                      <property name="repeatIteration" value="0" />
                    </properties>
                  </test-case>
                  <test-case id="1074" name="EditWeight_ExpressionMetadataPreserved" fullname="Hidano.FacialControl.Tests.EditMode.Editor.ProfileRebuildBlendShapeWeightTests.EditWeight_ExpressionMetadataPreserved" methodname="EditWeight_ExpressionMetadataPreserved" classname="Hidano.FacialControl.Tests.EditMode.Editor.ProfileRebuildBlendShapeWeightTests" runstate="Runnable" seed="713084630" result="Passed" start-time="2026-04-21 07:23:21Z" end-time="2026-04-21 07:23:21Z" duration="0.000368" asserts="0">
                    <properties>
                      <property name="retryIteration" value="0" />
                      <property name="repeatIteration" value="0" />
                    </properties>
                  </test-case>
                  <test-case id="1069" name="EditWeight_MultipleValues_RoundTrip_AllValuesUpdated" fullname="Hidano.FacialControl.Tests.EditMode.Editor.ProfileRebuildBlendShapeWeightTests.EditWeight_MultipleValues_RoundTrip_AllValuesUpdated" methodname="EditWeight_MultipleValues_RoundTrip_AllValuesUpdated" classname="Hidano.FacialControl.Tests.EditMode.Editor.ProfileRebuildBlendShapeWeightTests" runstate="Runnable" seed="1703252953" result="Passed" start-time="2026-04-21 07:23:21Z" end-time="2026-04-21 07:23:21Z" duration="0.000407" asserts="0">
                    <properties>
                      <property name="retryIteration" value="0" />
                      <property name="repeatIteration" value="0" />
                    </properties>
                  </test-case>
                  <test-case id="1070" name="EditWeight_NamesPreserved" fullname="Hidano.FacialControl.Tests.EditMode.Editor.ProfileRebuildBlendShapeWeightTests.EditWeight_NamesPreserved" methodname="EditWeight_NamesPreserved" classname="Hidano.FacialControl.Tests.EditMode.Editor.ProfileRebuildBlendShapeWeightTests" runstate="Runnable" seed="1804367238" result="Passed" start-time="2026-04-21 07:23:21Z" end-time="2026-04-21 07:23:21Z" duration="0.000363" asserts="0">
                    <properties>
                      <property name="retryIteration" value="0" />
                      <property name="repeatIteration" value="0" />
                    </properties>
                  </test-case>
                  <test-case id="1071" name="EditWeight_NegativeValue_ClampedToZero" fullname="Hidano.FacialControl.Tests.EditMode.Editor.ProfileRebuildBlendShapeWeightTests.EditWeight_NegativeValue_ClampedToZero" methodname="EditWeight_NegativeValue_ClampedToZero" classname="Hidano.FacialControl.Tests.EditMode.Editor.ProfileRebuildBlendShapeWeightTests" runstate="Runnable" seed="1935326504" result="Passed" start-time="2026-04-21 07:23:21Z" end-time="2026-04-21 07:23:21Z" duration="0.000354" asserts="0">
                    <properties>
                      <property name="retryIteration" value="0" />
                      <property name="repeatIteration" value="0" />
                    </properties>
                  </test-case>
                  <test-case id="1073" name="EditWeight_OtherExpressionUnchanged" fullname="Hidano.FacialControl.Tests.EditMode.Editor.ProfileRebuildBlendShapeWeightTests.EditWeight_OtherExpressionUnchanged" methodname="EditWeight_OtherExpressionUnchanged" classname="Hidano.FacialControl.Tests.EditMode.Editor.ProfileRebuildBlendShapeWeightTests" runstate="Runnable" seed="785235249" result="Passed" start-time="2026-04-21 07:23:21Z" end-time="2026-04-21 07:23:21Z" duration="0.000390" asserts="0">
                    <properties>
                      <property name="retryIteration" value="0" />
                      <property name="repeatIteration" value="0" />
                    </properties>
                  </test-case>
                  <test-case id="1075" name="EditWeight_SecondExpression_RoundTrip_ValueUpdated" fullname="Hidano.FacialControl.Tests.EditMode.Editor.ProfileRebuildBlendShapeWeightTests.EditWeight_SecondExpression_RoundTrip_ValueUpdated" methodname="EditWeight_SecondExpression_RoundTrip_ValueUpdated" classname="Hidano.FacialControl.Tests.EditMode.Editor.ProfileRebuildBlendShapeWeightTests" runstate="Runnable" seed="312757126" result="Passed" start-time="2026-04-21 07:23:21Z" end-time="2026-04-21 07:23:21Z" duration="0.000357" asserts="0">
                    <properties>
                      <property name="retryIteration" value="0" />
                      <property name="repeatIteration" value="0" />
                    </properties>
                  </test-case>
                  <test-case id="1068" name="EditWeight_SingleValue_RoundTrip_ValueUpdated" fullname="Hidano.FacialControl.Tests.EditMode.Editor.ProfileRebuildBlendShapeWeightTests.EditWeight_SingleValue_RoundTrip_ValueUpdated" methodname="EditWeight_SingleValue_RoundTrip_ValueUpdated" classname="Hidano.FacialControl.Tests.EditMode.Editor.ProfileRebuildBlendShapeWeightTests" runstate="Runnable" seed="1038153308" result="Passed" start-time="2026-04-21 07:23:21Z" end-time="2026-04-21 07:23:21Z" duration="0.000358" asserts="0">
                    <properties>
                      <property name="retryIteration" value="0" />
                      <property name="repeatIteration" value="0" />
                    </properties>
                  </test-case>
                  <test-case id="1072" name="EditWeight_ValueOverOne_ClampedToOne" fullname="Hidano.FacialControl.Tests.EditMode.Editor.ProfileRebuildBlendShapeWeightTests.EditWeight_ValueOverOne_ClampedToOne" methodname="EditWeight_ValueOverOne_ClampedToOne" classname="Hidano.FacialControl.Tests.EditMode.Editor.ProfileRebuildBlendShapeWeightTests" runstate="Runnable" seed="999467510" result="Passed" start-time="2026-04-21 07:23:21Z" end-time="2026-04-21 07:23:21Z" duration="0.000352" asserts="0">
                    <properties>
                      <property name="retryIteration" value="0" />
                      <property name="repeatIteration" value="0" />
                    </properties>
                  </test-case>
                </test-suite>
                <test-suite type="TestFixture" id="1078" name="RendererPathsCacheUpdateTests" fullname="Hidano.FacialControl.Tests.EditMode.Editor.RendererPathsCacheUpdateTests" classname="Hidano.FacialControl.Tests.EditMode.Editor.RendererPathsCacheUpdateTests" runstate="Runnable" testcasecount="7" result="Passed" start-time="2026-04-21 07:23:21Z" end-time="2026-04-21 07:23:21Z" duration="0.004589" total="7" passed="7" failed="0" inconclusive="0" skipped="0" asserts="0">
                  <properties />
                  <test-case id="1084" name="RebuildWithPaths_EmptyArray_RoundTrip_EmptyPaths" fullname="Hidano.FacialControl.Tests.EditMode.Editor.RendererPathsCacheUpdateTests.RebuildWithPaths_EmptyArray_RoundTrip_EmptyPaths" methodname="RebuildWithPaths_EmptyArray_RoundTrip_EmptyPaths" classname="Hidano.FacialControl.Tests.EditMode.Editor.RendererPathsCacheUpdateTests" runstate="Runnable" seed="1277872714" result="Passed" start-time="2026-04-21 07:23:21Z" end-time="2026-04-21 07:23:21Z" duration="0.000592" asserts="0">
                    <properties>
                      <property name="retryIteration" value="0" />
                      <property name="repeatIteration" value="0" />
                    </properties>
                  </test-case>
                  <test-case id="1079" name="RebuildWithPaths_EmptyToNonEmpty_RoundTrip_PathsMatch" fullname="Hidano.FacialControl.Tests.EditMode.Editor.RendererPathsCacheUpdateTests.RebuildWithPaths_EmptyToNonEmpty_RoundTrip_PathsMatch" methodname="RebuildWithPaths_EmptyToNonEmpty_RoundTrip_PathsMatch" classname="Hidano.FacialControl.Tests.EditMode.Editor.RendererPathsCacheUpdateTests" runstate="Runnable" seed="1266723340" result="Passed" start-time="2026-04-21 07:23:21Z" end-time="2026-04-21 07:23:21Z" duration="0.000523" asserts="0">
                    <properties>
                      <property name="retryIteration" value="0" />
                      <property name="repeatIteration" value="0" />
                    </properties>
                  </test-case>
                  <test-case id="1082" name="RebuildWithPaths_ExpressionsPreserved" fullname="Hidano.FacialControl.Tests.EditMode.Editor.RendererPathsCacheUpdateTests.RebuildWithPaths_ExpressionsPreserved" methodname="RebuildWithPaths_ExpressionsPreserved" classname="Hidano.FacialControl.Tests.EditMode.Editor.RendererPathsCacheUpdateTests" runstate="Runnable" seed="1182900797" result="Passed" start-time="2026-04-21 07:23:21Z" end-time="2026-04-21 07:23:21Z" duration="0.000472" asserts="0">
                    <properties>
                      <property name="retryIteration" value="0" />
                      <property name="repeatIteration" value="0" />
                    </properties>
                  </test-case>
                  <test-case id="1081" name="RebuildWithPaths_LayersPreserved" fullname="Hidano.FacialControl.Tests.EditMode.Editor.RendererPathsCacheUpdateTests.RebuildWithPaths_LayersPreserved" methodname="RebuildWithPaths_LayersPreserved" classname="Hidano.FacialControl.Tests.EditMode.Editor.RendererPathsCacheUpdateTests" runstate="Runnable" seed="2073540136" result="Passed" start-time="2026-04-21 07:23:21Z" end-time="2026-04-21 07:23:21Z" duration="0.000465" asserts="0">
                    <properties>
                      <property name="retryIteration" value="0" />
                      <property name="repeatIteration" value="0" />
                    </properties>
                  </test-case>
                  <test-case id="1080" name="RebuildWithPaths_NonEmptyToNonEmpty_RoundTrip_PathsUpdated" fullname="Hidano.FacialControl.Tests.EditMode.Editor.RendererPathsCacheUpdateTests.RebuildWithPaths_NonEmptyToNonEmpty_RoundTrip_PathsUpdated" methodname="RebuildWithPaths_NonEmptyToNonEmpty_RoundTrip_PathsUpdated" classname="Hidano.FacialControl.Tests.EditMode.Editor.RendererPathsCacheUpdateTests" runstate="Runnable" seed="98924232" result="Passed" start-time="2026-04-21 07:23:21Z" end-time="2026-04-21 07:23:21Z" duration="0.000362" asserts="0">
                    <properties>
                      <property name="retryIteration" value="0" />
                      <property name="repeatIteration" value="0" />
                    </properties>
                  </test-case>
                  <test-case id="1083" name="RebuildWithPaths_SchemaVersionPreserved" fullname="Hidano.FacialControl.Tests.EditMode.Editor.RendererPathsCacheUpdateTests.RebuildWithPaths_SchemaVersionPreserved" methodname="RebuildWithPaths_SchemaVersionPreserved" classname="Hidano.FacialControl.Tests.EditMode.Editor.RendererPathsCacheUpdateTests" runstate="Runnable" seed="1827178341" result="Passed" start-time="2026-04-21 07:23:21Z" end-time="2026-04-21 07:23:21Z" duration="0.000311" asserts="0">
                    <properties>
                      <property name="retryIteration" value="0" />
                      <property name="repeatIteration" value="0" />
                    </properties>
                  </test-case>
                  <test-case id="1085" name="RebuildWithPaths_SinglePath_RoundTrip_PathMatch" fullname="Hidano.FacialControl.Tests.EditMode.Editor.RendererPathsCacheUpdateTests.RebuildWithPaths_SinglePath_RoundTrip_PathMatch" methodname="RebuildWithPaths_SinglePath_RoundTrip_PathMatch" classname="Hidano.FacialControl.Tests.EditMode.Editor.RendererPathsCacheUpdateTests" runstate="Runnable" seed="1612043377" result="Passed" start-time="2026-04-21 07:23:21Z" end-time="2026-04-21 07:23:21Z" duration="0.000338" asserts="0">
                    <properties>
                      <property name="retryIteration" value="0" />
                      <property name="repeatIteration" value="0" />
                    </properties>
                    <output><![CDATA[Saving results to: C:/Users/Hidano/AppData/LocalLow/DefaultCompany/FacialControl\TestResults.xml
]]></output>
                  </test-case>
                </test-suite>
              </test-suite>
            </test-suite>
          </test-suite>
        </test-suite>
      </test-suite>
    </test-suite>
  </test-suite>
</test-run>